
{
    "name": "WIN_ch-WIN_ch (2023-07-31-165819) - 0",
    "start": 1690815501626,
    "stop": 1690815502720,
    "description": "WIN_ch-WIN_ch (2023-07-31-165819)",
    "stage": "finished",
    "status": "BROKEN",
    "parameters": [
    ],
    "steps": [
        {
            "name": "Filling out reports, handling payload, creating runners..",
            "start": 1690815499839,
            "stop": 1690815501623,
            "description": "Filling out reports, handling payload, creating runners..",
            "stage": "finished",
            "status": "PASSED",
            "parameters": [
            ],
            "steps": [
            ],
            "attachments": [
            ],
            "statusDetails": {
                "known": false,
                "muted": false,
                "flaky": false,
                "message": "The test has passed successfully!"
            }
        },
        {
            "name": "unknown(no Web Driver): Initiate webDriver for client",
            "start": 1690815499845,
            "stop": 1690815501610,
            "description": "Initiate webDriver for client",
            "stage": "finished",
            "status": "PASSED",
            "parameters": [
            ],
            "steps": [
            ],
            "attachments": [
            ],
            "statusDetails": {
                "known": false,
                "muted": false,
                "flaky": false,
                "message": "The test has passed successfully!"
            }
        },
        {
            "name": "unknown(no Web Driver): Initiate webDriver for client",
            "start": 1690815499846,
            "stop": 1690815501610,
            "description": "Initiate webDriver for client",
            "stage": "finished",
            "status": "PASSED",
            "parameters": [
            ],
            "steps": [
            ],
            "attachments": [
            ],
            "statusDetails": {
                "known": false,
                "muted": false,
                "flaky": false,
                "message": "The test has passed successfully!"
            }
        },
        {
            "name": "ch115_WIN-d6e9d - 1: Open https://falgsc.eu.org/",
            "start": 1690815501626,
            "stop": 1690815502646,
            "description": "Open https://falgsc.eu.org/",
            "stage": "finished",
            "status": "BROKEN",
            "parameters": [
            ],
            "steps": [
            ],
            "attachments": [
                {
                    "name": "error_screenshot_OpenUrlStep",
                    "type": "image/png",
                    "source": "df4cad62-c803-4f77-a639-0193dc8729af-attachment.png"
                },
                {
                    "name": "error.log",
                    "type": "text/json",
                    "source": "63f07e30-061d-423a-9aa7-3a959c34db5b-attachment.json"
                }
            ],
            "statusDetails": {
                "known": false,
                "muted": false,
                "flaky": true,
                "message": "***UNHANDLED EXCEPTION*** \r\n This is a bug and must be fixed. The exception must be caught and thrown as KiteTestException",
                "trace": "java.lang.RuntimeException: java.io.FileNotFoundException: .\\credentials.properties (Impossibile trovare il file specificato)\r\n\tat org.webrtc.kite.telemed.steps.OpenUrlStep.step(OpenUrlStep.java:64)\r\n\tat io.cosmosoftware.kite.steps.TestStep.execute(TestStep.java:81)\r\n\tat io.cosmosoftware.kite.steps.TestStep.processTestStep(TestStep.java:329)\r\n\tat org.webrtc.kite.tests.TestRunner.call(TestRunner.java:187)\r\n\tat java.util.concurrent.FutureTask.run(FutureTask.java:266)\r\n\tat java.util.concurrent.ThreadPoolExecutor.runWorker(ThreadPoolExecutor.java:1149)\r\n\tat java.util.concurrent.ThreadPoolExecutor$Worker.run(ThreadPoolExecutor.java:624)\r\n\tat java.lang.Thread.run(Thread.java:750)\r\nCaused by: java.io.FileNotFoundException: .\\credentials.properties (Impossibile trovare il file specificato)\r\n\tat java.io.FileInputStream.open0(Native Method)\r\n\tat java.io.FileInputStream.open(FileInputStream.java:195)\r\n\tat java.io.FileInputStream.<init>(FileInputStream.java:138)\r\n\tat java.io.FileInputStream.<init>(FileInputStream.java:93)\r\n\tat org.webrtc.kite.telemed.steps.OpenUrlStep.step(OpenUrlStep.java:47)\r\n\t... 7 more\r\n\r\nCaused by: java.io.FileNotFoundException: .\\credentials.properties (Impossibile trovare il file specificato)\r\n\tat java.io.FileInputStream.open0(Native Method)\r\n\tat java.io.FileInputStream.open(FileInputStream.java:195)\r\n\tat java.io.FileInputStream.<init>(FileInputStream.java:138)\r\n\tat java.io.FileInputStream.<init>(FileInputStream.java:93)\r\n\tat org.webrtc.kite.telemed.steps.OpenUrlStep.step(OpenUrlStep.java:47)\r\n\tat io.cosmosoftware.kite.steps.TestStep.execute(TestStep.java:81)\r\n\tat io.cosmosoftware.kite.steps.TestStep.processTestStep(TestStep.java:329)\r\n\tat org.webrtc.kite.tests.TestRunner.call(TestRunner.java:187)\r\n\tat java.util.concurrent.FutureTask.run(FutureTask.java:266)\r\n\tat java.util.concurrent.ThreadPoolExecutor.runWorker(ThreadPoolExecutor.java:1149)\r\n\tat java.util.concurrent.ThreadPoolExecutor$Worker.run(ThreadPoolExecutor.java:624)\r\n\tat java.lang.Thread.run(Thread.java:750)\r\n"
            }
        },
        {
            "name": "ch115_WIN-d6e9d - 1: Open https://falgsc.eu.org//#/pocPJ/166",
            "start": 1690815502646,
            "stop": 1690815502647,
            "description": "Open https://falgsc.eu.org//#/pocPJ/166",
            "stage": "finished",
            "status": "SKIPPED",
            "parameters": [
            ],
            "steps": [
            ],
            "attachments": [
            ],
            "statusDetails": {
                "known": false,
                "muted": false,
                "flaky": false,
                "message": "The test has passed successfully!"
            }
        },
        {
            "name": "ch115_WIN-d6e9d - 1: Getting stats from [\"ng.getComponent($('app-videocall-pj')[0]).mediaConnection.peerConnection\"]",
            "start": 1690815502647,
            "stop": 1690815502647,
            "description": "Getting stats from [\"ng.getComponent($('app-videocall-pj')[0]).mediaConnection.peerConnection\"]",
            "stage": "finished",
            "status": "SKIPPED",
            "parameters": [
            ],
            "steps": [
            ],
            "attachments": [
            ],
            "statusDetails": {
                "known": false,
                "muted": false,
                "flaky": false,
                "message": "The test has passed successfully!"
            }
        },
        {
            "name": "ch115_WIN-ced5e - 0: Open https://falgsc.eu.org/",
            "start": 1690815501626,
            "stop": 1690815502719,
            "description": "Open https://falgsc.eu.org/",
            "stage": "finished",
            "status": "BROKEN",
            "parameters": [
            ],
            "steps": [
            ],
            "attachments": [
                {
                    "name": "error_screenshot_OpenUrlStep",
                    "type": "image/png",
                    "source": "857bfcb7-ac18-4d52-a3ed-bd5f97554605-attachment.png"
                },
                {
                    "name": "error.log",
                    "type": "text/json",
                    "source": "e561ee05-7ca5-4913-88d6-6494b8e28992-attachment.json"
                }
            ],
            "statusDetails": {
                "known": false,
                "muted": false,
                "flaky": true,
                "message": "***UNHANDLED EXCEPTION*** \r\n This is a bug and must be fixed. The exception must be caught and thrown as KiteTestException",
                "trace": "java.lang.RuntimeException: java.io.FileNotFoundException: .\\credentials.properties (Impossibile trovare il file specificato)\r\n\tat org.webrtc.kite.telemed.steps.OpenUrlStep.step(OpenUrlStep.java:64)\r\n\tat io.cosmosoftware.kite.steps.TestStep.execute(TestStep.java:81)\r\n\tat io.cosmosoftware.kite.steps.TestStep.processTestStep(TestStep.java:329)\r\n\tat org.webrtc.kite.tests.TestRunner.call(TestRunner.java:187)\r\n\tat java.util.concurrent.FutureTask.run(FutureTask.java:266)\r\n\tat java.util.concurrent.ThreadPoolExecutor.runWorker(ThreadPoolExecutor.java:1149)\r\n\tat java.util.concurrent.ThreadPoolExecutor$Worker.run(ThreadPoolExecutor.java:624)\r\n\tat java.lang.Thread.run(Thread.java:750)\r\nCaused by: java.io.FileNotFoundException: .\\credentials.properties (Impossibile trovare il file specificato)\r\n\tat java.io.FileInputStream.open0(Native Method)\r\n\tat java.io.FileInputStream.open(FileInputStream.java:195)\r\n\tat java.io.FileInputStream.<init>(FileInputStream.java:138)\r\n\tat java.io.FileInputStream.<init>(FileInputStream.java:93)\r\n\tat org.webrtc.kite.telemed.steps.OpenUrlStep.step(OpenUrlStep.java:47)\r\n\t... 7 more\r\n\r\nCaused by: java.io.FileNotFoundException: .\\credentials.properties (Impossibile trovare il file specificato)\r\n\tat java.io.FileInputStream.open0(Native Method)\r\n\tat java.io.FileInputStream.open(FileInputStream.java:195)\r\n\tat java.io.FileInputStream.<init>(FileInputStream.java:138)\r\n\tat java.io.FileInputStream.<init>(FileInputStream.java:93)\r\n\tat org.webrtc.kite.telemed.steps.OpenUrlStep.step(OpenUrlStep.java:47)\r\n\tat io.cosmosoftware.kite.steps.TestStep.execute(TestStep.java:81)\r\n\tat io.cosmosoftware.kite.steps.TestStep.processTestStep(TestStep.java:329)\r\n\tat org.webrtc.kite.tests.TestRunner.call(TestRunner.java:187)\r\n\tat java.util.concurrent.FutureTask.run(FutureTask.java:266)\r\n\tat java.util.concurrent.ThreadPoolExecutor.runWorker(ThreadPoolExecutor.java:1149)\r\n\tat java.util.concurrent.ThreadPoolExecutor$Worker.run(ThreadPoolExecutor.java:624)\r\n\tat java.lang.Thread.run(Thread.java:750)\r\n"
            }
        },
        {
            "name": "ch115_WIN-ced5e - 0: Open https://falgsc.eu.org//#/pocPJ/166",
            "start": 1690815502719,
            "stop": 1690815502719,
            "description": "Open https://falgsc.eu.org//#/pocPJ/166",
            "stage": "finished",
            "status": "SKIPPED",
            "parameters": [
            ],
            "steps": [
            ],
            "attachments": [
            ],
            "statusDetails": {
                "known": false,
                "muted": false,
                "flaky": false,
                "message": "The test has passed successfully!"
            }
        },
        {
            "name": "ch115_WIN-ced5e - 0: Getting stats from [\"ng.getComponent($('app-videocall-pj')[0]).mediaConnection.peerConnection\"]",
            "start": 1690815502719,
            "stop": 1690815502720,
            "description": "Getting stats from [\"ng.getComponent($('app-videocall-pj')[0]).mediaConnection.peerConnection\"]",
            "stage": "finished",
            "status": "SKIPPED",
            "parameters": [
            ],
            "steps": [
            ],
            "attachments": [
            ],
            "statusDetails": {
                "known": false,
                "muted": false,
                "flaky": false,
                "message": "The test has passed successfully!"
            }
        },
        {
            "name": "Cleaning up and finishing the test",
            "start": 1690815502721,
            "stop": 1690815503384,
            "description": "Cleaning up and finishing the test",
            "stage": "finished",
            "status": "PASSED",
            "parameters": [
            ],
            "steps": [
            ],
            "attachments": [
            ],
            "statusDetails": {
                "known": false,
                "muted": false,
                "flaky": false,
                "message": "The test has passed successfully!"
            }
        }
    ],
    "attachments": [
    ],
    "statusDetails": {
        "known": false,
        "muted": false,
        "flaky": true,
        "message": "***UNHANDLED EXCEPTION*** \r\n This is a bug and must be fixed. The exception must be caught and thrown as KiteTestException",
        "trace": "java.lang.RuntimeException: java.io.FileNotFoundException: .\\credentials.properties (Impossibile trovare il file specificato)\r\n\tat org.webrtc.kite.telemed.steps.OpenUrlStep.step(OpenUrlStep.java:64)\r\n\tat io.cosmosoftware.kite.steps.TestStep.execute(TestStep.java:81)\r\n\tat io.cosmosoftware.kite.steps.TestStep.processTestStep(TestStep.java:329)\r\n\tat org.webrtc.kite.tests.TestRunner.call(TestRunner.java:187)\r\n\tat java.util.concurrent.FutureTask.run(FutureTask.java:266)\r\n\tat java.util.concurrent.ThreadPoolExecutor.runWorker(ThreadPoolExecutor.java:1149)\r\n\tat java.util.concurrent.ThreadPoolExecutor$Worker.run(ThreadPoolExecutor.java:624)\r\n\tat java.lang.Thread.run(Thread.java:750)\r\nCaused by: java.io.FileNotFoundException: .\\credentials.properties (Impossibile trovare il file specificato)\r\n\tat java.io.FileInputStream.open0(Native Method)\r\n\tat java.io.FileInputStream.open(FileInputStream.java:195)\r\n\tat java.io.FileInputStream.<init>(FileInputStream.java:138)\r\n\tat java.io.FileInputStream.<init>(FileInputStream.java:93)\r\n\tat org.webrtc.kite.telemed.steps.OpenUrlStep.step(OpenUrlStep.java:47)\r\n\t... 7 more\r\n\r\nCaused by: java.io.FileNotFoundException: .\\credentials.properties (Impossibile trovare il file specificato)\r\n\tat java.io.FileInputStream.open0(Native Method)\r\n\tat java.io.FileInputStream.open(FileInputStream.java:195)\r\n\tat java.io.FileInputStream.<init>(FileInputStream.java:138)\r\n\tat java.io.FileInputStream.<init>(FileInputStream.java:93)\r\n\tat org.webrtc.kite.telemed.steps.OpenUrlStep.step(OpenUrlStep.java:47)\r\n\tat io.cosmosoftware.kite.steps.TestStep.execute(TestStep.java:81)\r\n\tat io.cosmosoftware.kite.steps.TestStep.processTestStep(TestStep.java:329)\r\n\tat org.webrtc.kite.tests.TestRunner.call(TestRunner.java:187)\r\n\tat java.util.concurrent.FutureTask.run(FutureTask.java:266)\r\n\tat java.util.concurrent.ThreadPoolExecutor.runWorker(ThreadPoolExecutor.java:1149)\r\n\tat java.util.concurrent.ThreadPoolExecutor$Worker.run(ThreadPoolExecutor.java:624)\r\n\tat java.lang.Thread.run(Thread.java:750)\r\n"
    },
    "uuid": "36cf8838-86d8-454e-a304-88c8ba78a91e",
    "fullName": "org.webrtc.kite.telemed.KiteTelemedTest",
    "historyId": "083f77df-653a-4c4d-94fc-a59b9e4e024e",
    "links": [
    ],
    "labels": [
        {
            "name": "package",
            "value": "package org.webrtc.kite.telemed"
        },
        {
            "name": "testClass",
            "value": "class org.webrtc.kite.telemed.KiteTelemedTest"
        },
        {
            "name": "testMethod",
            "value": "execute"
        },
        {
            "name": "host",
            "value": "normalbook"
        },
        {
            "name": "suite",
            "value": "Telemed Test  (2023-07-31-165819)"
        },
        {
            "name": "parentSuite",
            "value": "Telemed  [2023-07-31-165819] (2023-07-31-165819)"
        }
    ]
}