
{
    "name": "WIN_ch-WIN_ch (2023-07-31-164414) - 0",
    "start": 1690814657552,
    "stop": 1690814658964,
    "description": "WIN_ch-WIN_ch (2023-07-31-164414)",
    "stage": "finished",
    "status": "BROKEN",
    "parameters": [
    ],
    "steps": [
        {
            "name": "Filling out reports, handling payload, creating runners..",
            "start": 1690814654443,
            "stop": 1690814657550,
            "description": "Filling out reports, handling payload, creating runners..",
            "stage": "finished",
            "status": "PASSED",
            "parameters": [
            ],
            "steps": [
            ],
            "attachments": [
            ],
            "statusDetails": {
                "known": false,
                "muted": false,
                "flaky": false,
                "message": "The test has passed successfully!"
            }
        },
        {
            "name": "unknown(no Web Driver): Initiate webDriver for client",
            "start": 1690814654450,
            "stop": 1690814657527,
            "description": "Initiate webDriver for client",
            "stage": "finished",
            "status": "PASSED",
            "parameters": [
            ],
            "steps": [
            ],
            "attachments": [
            ],
            "statusDetails": {
                "known": false,
                "muted": false,
                "flaky": false,
                "message": "The test has passed successfully!"
            }
        },
        {
            "name": "unknown(no Web Driver): Initiate webDriver for client",
            "start": 1690814654449,
            "stop": 1690814657527,
            "description": "Initiate webDriver for client",
            "stage": "finished",
            "status": "PASSED",
            "parameters": [
            ],
            "steps": [
            ],
            "attachments": [
            ],
            "statusDetails": {
                "known": false,
                "muted": false,
                "flaky": false,
                "message": "The test has passed successfully!"
            }
        },
        {
            "name": "ch115_WIN-e5f27 - 0: Open https://falgsc.eu.org/",
            "start": 1690814657552,
            "stop": 1690814658954,
            "description": "Open https://falgsc.eu.org/",
            "stage": "finished",
            "status": "BROKEN",
            "parameters": [
            ],
            "steps": [
            ],
            "attachments": [
                {
                    "name": "error_screenshot_OpenUrlStep",
                    "type": "image/png",
                    "source": "3eb5051d-64c0-44cd-b841-480e8d5b567a-attachment.png"
                },
                {
                    "name": "error.log",
                    "type": "text/json",
                    "source": "6454d6fb-c837-481c-875f-f4acdf316d61-attachment.json"
                }
            ],
            "statusDetails": {
                "known": false,
                "muted": false,
                "flaky": true,
                "message": "***UNHANDLED EXCEPTION*** \r\n This is a bug and must be fixed. The exception must be caught and thrown as KiteTestException",
                "trace": "java.lang.RuntimeException: java.io.FileNotFoundException: credentials.properties (Impossibile trovare il file specificato)\r\n\tat org.webrtc.kite.telemed.steps.OpenUrlStep.step(OpenUrlStep.java:64)\r\n\tat io.cosmosoftware.kite.steps.TestStep.execute(TestStep.java:81)\r\n\tat io.cosmosoftware.kite.steps.TestStep.processTestStep(TestStep.java:329)\r\n\tat org.webrtc.kite.tests.TestRunner.call(TestRunner.java:187)\r\n\tat java.util.concurrent.FutureTask.run(FutureTask.java:266)\r\n\tat java.util.concurrent.ThreadPoolExecutor.runWorker(ThreadPoolExecutor.java:1149)\r\n\tat java.util.concurrent.ThreadPoolExecutor$Worker.run(ThreadPoolExecutor.java:624)\r\n\tat java.lang.Thread.run(Thread.java:750)\r\nCaused by: java.io.FileNotFoundException: credentials.properties (Impossibile trovare il file specificato)\r\n\tat java.io.FileInputStream.open0(Native Method)\r\n\tat java.io.FileInputStream.open(FileInputStream.java:195)\r\n\tat java.io.FileInputStream.<init>(FileInputStream.java:138)\r\n\tat java.io.FileInputStream.<init>(FileInputStream.java:93)\r\n\tat org.webrtc.kite.telemed.steps.OpenUrlStep.step(OpenUrlStep.java:47)\r\n\t... 7 more\r\n\r\nCaused by: java.io.FileNotFoundException: credentials.properties (Impossibile trovare il file specificato)\r\n\tat java.io.FileInputStream.open0(Native Method)\r\n\tat java.io.FileInputStream.open(FileInputStream.java:195)\r\n\tat java.io.FileInputStream.<init>(FileInputStream.java:138)\r\n\tat java.io.FileInputStream.<init>(FileInputStream.java:93)\r\n\tat org.webrtc.kite.telemed.steps.OpenUrlStep.step(OpenUrlStep.java:47)\r\n\tat io.cosmosoftware.kite.steps.TestStep.execute(TestStep.java:81)\r\n\tat io.cosmosoftware.kite.steps.TestStep.processTestStep(TestStep.java:329)\r\n\tat org.webrtc.kite.tests.TestRunner.call(TestRunner.java:187)\r\n\tat java.util.concurrent.FutureTask.run(FutureTask.java:266)\r\n\tat java.util.concurrent.ThreadPoolExecutor.runWorker(ThreadPoolExecutor.java:1149)\r\n\tat java.util.concurrent.ThreadPoolExecutor$Worker.run(ThreadPoolExecutor.java:624)\r\n\tat java.lang.Thread.run(Thread.java:750)\r\n"
            }
        },
        {
            "name": "ch115_WIN-e5f27 - 0: Open https://falgsc.eu.org//#/pocPJ/166",
            "start": 1690814658954,
            "stop": 1690814658961,
            "description": "Open https://falgsc.eu.org//#/pocPJ/166",
            "stage": "finished",
            "status": "SKIPPED",
            "parameters": [
            ],
            "steps": [
            ],
            "attachments": [
            ],
            "statusDetails": {
                "known": false,
                "muted": false,
                "flaky": false,
                "message": "The test has passed successfully!"
            }
        },
        {
            "name": "ch115_WIN-e5f27 - 0: Getting stats from [\"ng.getComponent($('app-videocall-pj')[0]).mediaConnection.peerConnection\"]",
            "start": 1690814658961,
            "stop": 1690814658962,
            "description": "Getting stats from [\"ng.getComponent($('app-videocall-pj')[0]).mediaConnection.peerConnection\"]",
            "stage": "finished",
            "status": "SKIPPED",
            "parameters": [
            ],
            "steps": [
            ],
            "attachments": [
            ],
            "statusDetails": {
                "known": false,
                "muted": false,
                "flaky": false,
                "message": "The test has passed successfully!"
            }
        },
        {
            "name": "ch115_WIN-3d1c0 - 1: Open https://falgsc.eu.org/",
            "start": 1690814657552,
            "stop": 1690814658963,
            "description": "Open https://falgsc.eu.org/",
            "stage": "finished",
            "status": "BROKEN",
            "parameters": [
            ],
            "steps": [
            ],
            "attachments": [
                {
                    "name": "error_screenshot_OpenUrlStep",
                    "type": "image/png",
                    "source": "57c6b488-d623-4545-bc79-0628f3f6fe76-attachment.png"
                },
                {
                    "name": "error.log",
                    "type": "text/json",
                    "source": "770b3192-98bb-4fe6-aeaf-a87835a728fc-attachment.json"
                }
            ],
            "statusDetails": {
                "known": false,
                "muted": false,
                "flaky": true,
                "message": "***UNHANDLED EXCEPTION*** \r\n This is a bug and must be fixed. The exception must be caught and thrown as KiteTestException",
                "trace": "java.lang.RuntimeException: java.io.FileNotFoundException: credentials.properties (Impossibile trovare il file specificato)\r\n\tat org.webrtc.kite.telemed.steps.OpenUrlStep.step(OpenUrlStep.java:64)\r\n\tat io.cosmosoftware.kite.steps.TestStep.execute(TestStep.java:81)\r\n\tat io.cosmosoftware.kite.steps.TestStep.processTestStep(TestStep.java:329)\r\n\tat org.webrtc.kite.tests.TestRunner.call(TestRunner.java:187)\r\n\tat java.util.concurrent.FutureTask.run(FutureTask.java:266)\r\n\tat java.util.concurrent.ThreadPoolExecutor.runWorker(ThreadPoolExecutor.java:1149)\r\n\tat java.util.concurrent.ThreadPoolExecutor$Worker.run(ThreadPoolExecutor.java:624)\r\n\tat java.lang.Thread.run(Thread.java:750)\r\nCaused by: java.io.FileNotFoundException: credentials.properties (Impossibile trovare il file specificato)\r\n\tat java.io.FileInputStream.open0(Native Method)\r\n\tat java.io.FileInputStream.open(FileInputStream.java:195)\r\n\tat java.io.FileInputStream.<init>(FileInputStream.java:138)\r\n\tat java.io.FileInputStream.<init>(FileInputStream.java:93)\r\n\tat org.webrtc.kite.telemed.steps.OpenUrlStep.step(OpenUrlStep.java:47)\r\n\t... 7 more\r\n\r\nCaused by: java.io.FileNotFoundException: credentials.properties (Impossibile trovare il file specificato)\r\n\tat java.io.FileInputStream.open0(Native Method)\r\n\tat java.io.FileInputStream.open(FileInputStream.java:195)\r\n\tat java.io.FileInputStream.<init>(FileInputStream.java:138)\r\n\tat java.io.FileInputStream.<init>(FileInputStream.java:93)\r\n\tat org.webrtc.kite.telemed.steps.OpenUrlStep.step(OpenUrlStep.java:47)\r\n\tat io.cosmosoftware.kite.steps.TestStep.execute(TestStep.java:81)\r\n\tat io.cosmosoftware.kite.steps.TestStep.processTestStep(TestStep.java:329)\r\n\tat org.webrtc.kite.tests.TestRunner.call(TestRunner.java:187)\r\n\tat java.util.concurrent.FutureTask.run(FutureTask.java:266)\r\n\tat java.util.concurrent.ThreadPoolExecutor.runWorker(ThreadPoolExecutor.java:1149)\r\n\tat java.util.concurrent.ThreadPoolExecutor$Worker.run(ThreadPoolExecutor.java:624)\r\n\tat java.lang.Thread.run(Thread.java:750)\r\n"
            }
        },
        {
            "name": "ch115_WIN-3d1c0 - 1: Open https://falgsc.eu.org//#/pocPJ/166",
            "start": 1690814658963,
            "stop": 1690814658963,
            "description": "Open https://falgsc.eu.org//#/pocPJ/166",
            "stage": "finished",
            "status": "SKIPPED",
            "parameters": [
            ],
            "steps": [
            ],
            "attachments": [
            ],
            "statusDetails": {
                "known": false,
                "muted": false,
                "flaky": false,
                "message": "The test has passed successfully!"
            }
        },
        {
            "name": "ch115_WIN-3d1c0 - 1: Getting stats from [\"ng.getComponent($('app-videocall-pj')[0]).mediaConnection.peerConnection\"]",
            "start": 1690814658964,
            "stop": 1690814658964,
            "description": "Getting stats from [\"ng.getComponent($('app-videocall-pj')[0]).mediaConnection.peerConnection\"]",
            "stage": "finished",
            "status": "SKIPPED",
            "parameters": [
            ],
            "steps": [
            ],
            "attachments": [
            ],
            "statusDetails": {
                "known": false,
                "muted": false,
                "flaky": false,
                "message": "The test has passed successfully!"
            }
        },
        {
            "name": "Cleaning up and finishing the test",
            "start": 1690814658964,
            "stop": 1690814659647,
            "description": "Cleaning up and finishing the test",
            "stage": "finished",
            "status": "PASSED",
            "parameters": [
            ],
            "steps": [
            ],
            "attachments": [
            ],
            "statusDetails": {
                "known": false,
                "muted": false,
                "flaky": false,
                "message": "The test has passed successfully!"
            }
        }
    ],
    "attachments": [
    ],
    "statusDetails": {
        "known": false,
        "muted": false,
        "flaky": true,
        "message": "***UNHANDLED EXCEPTION*** \r\n This is a bug and must be fixed. The exception must be caught and thrown as KiteTestException",
        "trace": "java.lang.RuntimeException: java.io.FileNotFoundException: credentials.properties (Impossibile trovare il file specificato)\r\n\tat org.webrtc.kite.telemed.steps.OpenUrlStep.step(OpenUrlStep.java:64)\r\n\tat io.cosmosoftware.kite.steps.TestStep.execute(TestStep.java:81)\r\n\tat io.cosmosoftware.kite.steps.TestStep.processTestStep(TestStep.java:329)\r\n\tat org.webrtc.kite.tests.TestRunner.call(TestRunner.java:187)\r\n\tat java.util.concurrent.FutureTask.run(FutureTask.java:266)\r\n\tat java.util.concurrent.ThreadPoolExecutor.runWorker(ThreadPoolExecutor.java:1149)\r\n\tat java.util.concurrent.ThreadPoolExecutor$Worker.run(ThreadPoolExecutor.java:624)\r\n\tat java.lang.Thread.run(Thread.java:750)\r\nCaused by: java.io.FileNotFoundException: credentials.properties (Impossibile trovare il file specificato)\r\n\tat java.io.FileInputStream.open0(Native Method)\r\n\tat java.io.FileInputStream.open(FileInputStream.java:195)\r\n\tat java.io.FileInputStream.<init>(FileInputStream.java:138)\r\n\tat java.io.FileInputStream.<init>(FileInputStream.java:93)\r\n\tat org.webrtc.kite.telemed.steps.OpenUrlStep.step(OpenUrlStep.java:47)\r\n\t... 7 more\r\n\r\nCaused by: java.io.FileNotFoundException: credentials.properties (Impossibile trovare il file specificato)\r\n\tat java.io.FileInputStream.open0(Native Method)\r\n\tat java.io.FileInputStream.open(FileInputStream.java:195)\r\n\tat java.io.FileInputStream.<init>(FileInputStream.java:138)\r\n\tat java.io.FileInputStream.<init>(FileInputStream.java:93)\r\n\tat org.webrtc.kite.telemed.steps.OpenUrlStep.step(OpenUrlStep.java:47)\r\n\tat io.cosmosoftware.kite.steps.TestStep.execute(TestStep.java:81)\r\n\tat io.cosmosoftware.kite.steps.TestStep.processTestStep(TestStep.java:329)\r\n\tat org.webrtc.kite.tests.TestRunner.call(TestRunner.java:187)\r\n\tat java.util.concurrent.FutureTask.run(FutureTask.java:266)\r\n\tat java.util.concurrent.ThreadPoolExecutor.runWorker(ThreadPoolExecutor.java:1149)\r\n\tat java.util.concurrent.ThreadPoolExecutor$Worker.run(ThreadPoolExecutor.java:624)\r\n\tat java.lang.Thread.run(Thread.java:750)\r\n"
    },
    "uuid": "3b2c0ce7-ad6c-4d68-ac80-3b8aa9269880",
    "fullName": "org.webrtc.kite.telemed.KiteTelemedTest",
    "historyId": "47749d52-2061-45cd-a5b1-0f25e9627aa8",
    "links": [
    ],
    "labels": [
        {
            "name": "package",
            "value": "package org.webrtc.kite.telemed"
        },
        {
            "name": "testClass",
            "value": "class org.webrtc.kite.telemed.KiteTelemedTest"
        },
        {
            "name": "testMethod",
            "value": "execute"
        },
        {
            "name": "host",
            "value": "normalbook"
        },
        {
            "name": "suite",
            "value": "Telemed Test  (2023-07-31-164414)"
        },
        {
            "name": "parentSuite",
            "value": "Telemed  [2023-07-31-164414] (2023-07-31-164414)"
        }
    ]
}