
{
    "name": "WIN_ch-WIN_ch (2023-07-30-180133) - 0",
    "start": 1690732898252,
    "stop": 1690732899687,
    "description": "WIN_ch-WIN_ch (2023-07-30-180133)",
    "stage": "finished",
    "status": "BROKEN",
    "parameters": [
    ],
    "steps": [
        {
            "name": "Filling out reports, handling payload, creating runners..",
            "start": 1690732893268,
            "stop": 1690732898249,
            "description": "Filling out reports, handling payload, creating runners..",
            "stage": "finished",
            "status": "PASSED",
            "parameters": [
            ],
            "steps": [
            ],
            "attachments": [
            ],
            "statusDetails": {
                "known": false,
                "muted": false,
                "flaky": false,
                "message": "The test has passed successfully!"
            }
        },
        {
            "name": "unknown(no Web Driver): Initiate webDriver for client",
            "start": 1690732893281,
            "stop": 1690732898217,
            "description": "Initiate webDriver for client",
            "stage": "finished",
            "status": "PASSED",
            "parameters": [
            ],
            "steps": [
            ],
            "attachments": [
            ],
            "statusDetails": {
                "known": false,
                "muted": false,
                "flaky": false,
                "message": "The test has passed successfully!"
            }
        },
        {
            "name": "unknown(no Web Driver): Initiate webDriver for client",
            "start": 1690732893283,
            "stop": 1690732898217,
            "description": "Initiate webDriver for client",
            "stage": "finished",
            "status": "PASSED",
            "parameters": [
            ],
            "steps": [
            ],
            "attachments": [
            ],
            "statusDetails": {
                "known": false,
                "muted": false,
                "flaky": false,
                "message": "The test has passed successfully!"
            }
        },
        {
            "name": "ch115_WIN-52928 - 0: Open https://localhost:4200/",
            "start": 1690732898251,
            "stop": 1690732899676,
            "description": "Open https://localhost:4200/",
            "stage": "finished",
            "status": "BROKEN",
            "parameters": [
            ],
            "steps": [
            ],
            "attachments": [
                {
                    "name": "error_screenshot_OpenUrlStep",
                    "type": "image/png",
                    "source": "a6d0b7e1-4577-40ca-9131-97faab980b5e-attachment.png"
                },
                {
                    "name": "error.log",
                    "type": "text/json",
                    "source": "acbda896-0b0b-4aa4-8edd-0a2a1a4ea50e-attachment.json"
                }
            ],
            "statusDetails": {
                "known": false,
                "muted": false,
                "flaky": true,
                "message": "***UNHANDLED EXCEPTION*** \r\n This is a bug and must be fixed. The exception must be caught and thrown as KiteTestException",
                "trace": "org.openqa.selenium.WebDriverException: <unknown>: Failed to read the 'localStorage' property from 'Window': Access is denied for this document.\n  (Session info: chrome=115.0.5790.110)\nBuild info: version: 'unknown', revision: 'unknown', time: 'unknown'\nSystem info: host: 'NORMALBOOK', ip: '192.168.178.64', os.name: 'Windows 11', os.arch: 'amd64', os.version: '10.0', java.version: '1.8.0_372'\nDriver info: org.openqa.selenium.remote.RemoteWebDriver\nCapabilities {acceptInsecureCerts: false, browserName: chrome, browserVersion: 115.0.5790.110, chrome: {chromedriverVersion: 114.0.5735.90 (386bc09e8f4f..., userDataDir: C:\\Users\\giann\\AppData\\Loca...}, goog:chromeOptions: {debuggerAddress: localhost:61231}, javascriptEnabled: true, networkConnectionEnabled: false, pageLoadStrategy: eager, platform: WINDOWS, platformName: WINDOWS, proxy: Proxy(), setWindowRect: true, strictFileInteractability: false, timeouts: {implicit: 0, pageLoad: 300000, script: 30000}, unhandledPromptBehavior: dismiss and notify, webauthn:extension:credBlob: true, webauthn:extension:largeBlob: true, webauthn:extension:minPinLength: true, webauthn:extension:prf: true, webauthn:virtualAuthenticators: true, webdriver.remote.sessionid: 5292896be219c1c3eb283e0571f...}\nSession ID: 5292896be219c1c3eb283e0571f317e3\r\n\tat sun.reflect.NativeConstructorAccessorImpl.newInstance0(Native Method)\r\n\tat sun.reflect.NativeConstructorAccessorImpl.newInstance(NativeConstructorAccessorImpl.java:62)\r\n\tat sun.reflect.DelegatingConstructorAccessorImpl.newInstance(DelegatingConstructorAccessorImpl.java:45)\r\n\tat java.lang.reflect.Constructor.newInstance(Constructor.java:423)\r\n\tat org.openqa.selenium.remote.http.W3CHttpResponseCodec.createException(W3CHttpResponseCodec.java:187)\r\n\tat org.openqa.selenium.remote.http.W3CHttpResponseCodec.decode(W3CHttpResponseCodec.java:122)\r\n\tat org.openqa.selenium.remote.http.W3CHttpResponseCodec.decode(W3CHttpResponseCodec.java:49)\r\n\tat org.openqa.selenium.remote.HttpCommandExecutor.execute(HttpCommandExecutor.java:158)\r\n\tat org.openqa.selenium.remote.RemoteWebDriver.execute(RemoteWebDriver.java:552)\r\n\tat org.openqa.selenium.remote.RemoteWebDriver.executeScript(RemoteWebDriver.java:489)\r\n\tat org.webrtc.kite.telemed.steps.OpenUrlStep.step(OpenUrlStep.java:47)\r\n\tat io.cosmosoftware.kite.steps.TestStep.execute(TestStep.java:81)\r\n\tat io.cosmosoftware.kite.steps.TestStep.processTestStep(TestStep.java:329)\r\n\tat org.webrtc.kite.tests.TestRunner.call(TestRunner.java:187)\r\n\tat java.util.concurrent.FutureTask.run(FutureTask.java:266)\r\n\tat java.util.concurrent.ThreadPoolExecutor.runWorker(ThreadPoolExecutor.java:1149)\r\n\tat java.util.concurrent.ThreadPoolExecutor$Worker.run(ThreadPoolExecutor.java:624)\r\n\tat java.lang.Thread.run(Thread.java:750)\r\n"
            }
        },
        {
            "name": "ch115_WIN-52928 - 0: Open https://localhost:4200//#/pocPJ/166",
            "start": 1690732899676,
            "stop": 1690732899677,
            "description": "Open https://localhost:4200//#/pocPJ/166",
            "stage": "finished",
            "status": "SKIPPED",
            "parameters": [
            ],
            "steps": [
            ],
            "attachments": [
            ],
            "statusDetails": {
                "known": false,
                "muted": false,
                "flaky": false,
                "message": "The test has passed successfully!"
            }
        },
        {
            "name": "ch115_WIN-52928 - 0: Getting stats from [\"$ng0.peer\"]",
            "start": 1690732899678,
            "stop": 1690732899680,
            "description": "Getting stats from [\"$ng0.peer\"]",
            "stage": "finished",
            "status": "SKIPPED",
            "parameters": [
            ],
            "steps": [
            ],
            "attachments": [
            ],
            "statusDetails": {
                "known": false,
                "muted": false,
                "flaky": false,
                "message": "The test has passed successfully!"
            }
        },
        {
            "name": "ch115_WIN-27b6e - 1: Open https://localhost:4200/",
            "start": 1690732898252,
            "stop": 1690732899685,
            "description": "Open https://localhost:4200/",
            "stage": "finished",
            "status": "BROKEN",
            "parameters": [
            ],
            "steps": [
            ],
            "attachments": [
                {
                    "name": "error_screenshot_OpenUrlStep",
                    "type": "image/png",
                    "source": "e0412c29-bd7b-4422-9446-5762e98c7977-attachment.png"
                },
                {
                    "name": "error.log",
                    "type": "text/json",
                    "source": "3b911b80-1159-42de-9051-1c802ec92c86-attachment.json"
                }
            ],
            "statusDetails": {
                "known": false,
                "muted": false,
                "flaky": true,
                "message": "***UNHANDLED EXCEPTION*** \r\n This is a bug and must be fixed. The exception must be caught and thrown as KiteTestException",
                "trace": "org.openqa.selenium.WebDriverException: <unknown>: Failed to read the 'localStorage' property from 'Window': Access is denied for this document.\n  (Session info: chrome=115.0.5790.110)\nBuild info: version: 'unknown', revision: 'unknown', time: 'unknown'\nSystem info: host: 'NORMALBOOK', ip: '192.168.178.64', os.name: 'Windows 11', os.arch: 'amd64', os.version: '10.0', java.version: '1.8.0_372'\nDriver info: org.openqa.selenium.remote.RemoteWebDriver\nCapabilities {acceptInsecureCerts: false, browserName: chrome, browserVersion: 115.0.5790.110, chrome: {chromedriverVersion: 114.0.5735.90 (386bc09e8f4f..., userDataDir: C:\\Users\\giann\\AppData\\Loca...}, goog:chromeOptions: {debuggerAddress: localhost:61230}, javascriptEnabled: true, networkConnectionEnabled: false, pageLoadStrategy: eager, platform: WINDOWS, platformName: WINDOWS, proxy: Proxy(), setWindowRect: true, strictFileInteractability: false, timeouts: {implicit: 0, pageLoad: 300000, script: 30000}, unhandledPromptBehavior: dismiss and notify, webauthn:extension:credBlob: true, webauthn:extension:largeBlob: true, webauthn:extension:minPinLength: true, webauthn:extension:prf: true, webauthn:virtualAuthenticators: true, webdriver.remote.sessionid: 27b6e80ba087f4b040edcc72e71...}\nSession ID: 27b6e80ba087f4b040edcc72e71e8472\r\n\tat sun.reflect.NativeConstructorAccessorImpl.newInstance0(Native Method)\r\n\tat sun.reflect.NativeConstructorAccessorImpl.newInstance(NativeConstructorAccessorImpl.java:62)\r\n\tat sun.reflect.DelegatingConstructorAccessorImpl.newInstance(DelegatingConstructorAccessorImpl.java:45)\r\n\tat java.lang.reflect.Constructor.newInstance(Constructor.java:423)\r\n\tat org.openqa.selenium.remote.http.W3CHttpResponseCodec.createException(W3CHttpResponseCodec.java:187)\r\n\tat org.openqa.selenium.remote.http.W3CHttpResponseCodec.decode(W3CHttpResponseCodec.java:122)\r\n\tat org.openqa.selenium.remote.http.W3CHttpResponseCodec.decode(W3CHttpResponseCodec.java:49)\r\n\tat org.openqa.selenium.remote.HttpCommandExecutor.execute(HttpCommandExecutor.java:158)\r\n\tat org.openqa.selenium.remote.RemoteWebDriver.execute(RemoteWebDriver.java:552)\r\n\tat org.openqa.selenium.remote.RemoteWebDriver.executeScript(RemoteWebDriver.java:489)\r\n\tat org.webrtc.kite.telemed.steps.OpenUrlStep.step(OpenUrlStep.java:50)\r\n\tat io.cosmosoftware.kite.steps.TestStep.execute(TestStep.java:81)\r\n\tat io.cosmosoftware.kite.steps.TestStep.processTestStep(TestStep.java:329)\r\n\tat org.webrtc.kite.tests.TestRunner.call(TestRunner.java:187)\r\n\tat java.util.concurrent.FutureTask.run(FutureTask.java:266)\r\n\tat java.util.concurrent.ThreadPoolExecutor.runWorker(ThreadPoolExecutor.java:1149)\r\n\tat java.util.concurrent.ThreadPoolExecutor$Worker.run(ThreadPoolExecutor.java:624)\r\n\tat java.lang.Thread.run(Thread.java:750)\r\n"
            }
        },
        {
            "name": "ch115_WIN-27b6e - 1: Open https://localhost:4200//#/pocPJ/166",
            "start": 1690732899685,
            "stop": 1690732899686,
            "description": "Open https://localhost:4200//#/pocPJ/166",
            "stage": "finished",
            "status": "SKIPPED",
            "parameters": [
            ],
            "steps": [
            ],
            "attachments": [
            ],
            "statusDetails": {
                "known": false,
                "muted": false,
                "flaky": false,
                "message": "The test has passed successfully!"
            }
        },
        {
            "name": "ch115_WIN-27b6e - 1: Getting stats from [\"$ng0.peer\"]",
            "start": 1690732899686,
            "stop": 1690732899687,
            "description": "Getting stats from [\"$ng0.peer\"]",
            "stage": "finished",
            "status": "SKIPPED",
            "parameters": [
            ],
            "steps": [
            ],
            "attachments": [
            ],
            "statusDetails": {
                "known": false,
                "muted": false,
                "flaky": false,
                "message": "The test has passed successfully!"
            }
        },
        {
            "name": "Cleaning up and finishing the test",
            "start": 1690732899688,
            "stop": 1690732900472,
            "description": "Cleaning up and finishing the test",
            "stage": "finished",
            "status": "PASSED",
            "parameters": [
            ],
            "steps": [
            ],
            "attachments": [
            ],
            "statusDetails": {
                "known": false,
                "muted": false,
                "flaky": false,
                "message": "The test has passed successfully!"
            }
        }
    ],
    "attachments": [
    ],
    "statusDetails": {
        "known": false,
        "muted": false,
        "flaky": true,
        "message": "***UNHANDLED EXCEPTION*** \r\n This is a bug and must be fixed. The exception must be caught and thrown as KiteTestException",
        "trace": "org.openqa.selenium.WebDriverException: <unknown>: Failed to read the 'localStorage' property from 'Window': Access is denied for this document.\n  (Session info: chrome=115.0.5790.110)\nBuild info: version: 'unknown', revision: 'unknown', time: 'unknown'\nSystem info: host: 'NORMALBOOK', ip: '192.168.178.64', os.name: 'Windows 11', os.arch: 'amd64', os.version: '10.0', java.version: '1.8.0_372'\nDriver info: org.openqa.selenium.remote.RemoteWebDriver\nCapabilities {acceptInsecureCerts: false, browserName: chrome, browserVersion: 115.0.5790.110, chrome: {chromedriverVersion: 114.0.5735.90 (386bc09e8f4f..., userDataDir: C:\\Users\\giann\\AppData\\Loca...}, goog:chromeOptions: {debuggerAddress: localhost:61231}, javascriptEnabled: true, networkConnectionEnabled: false, pageLoadStrategy: eager, platform: WINDOWS, platformName: WINDOWS, proxy: Proxy(), setWindowRect: true, strictFileInteractability: false, timeouts: {implicit: 0, pageLoad: 300000, script: 30000}, unhandledPromptBehavior: dismiss and notify, webauthn:extension:credBlob: true, webauthn:extension:largeBlob: true, webauthn:extension:minPinLength: true, webauthn:extension:prf: true, webauthn:virtualAuthenticators: true, webdriver.remote.sessionid: 5292896be219c1c3eb283e0571f...}\nSession ID: 5292896be219c1c3eb283e0571f317e3\r\n\tat sun.reflect.NativeConstructorAccessorImpl.newInstance0(Native Method)\r\n\tat sun.reflect.NativeConstructorAccessorImpl.newInstance(NativeConstructorAccessorImpl.java:62)\r\n\tat sun.reflect.DelegatingConstructorAccessorImpl.newInstance(DelegatingConstructorAccessorImpl.java:45)\r\n\tat java.lang.reflect.Constructor.newInstance(Constructor.java:423)\r\n\tat org.openqa.selenium.remote.http.W3CHttpResponseCodec.createException(W3CHttpResponseCodec.java:187)\r\n\tat org.openqa.selenium.remote.http.W3CHttpResponseCodec.decode(W3CHttpResponseCodec.java:122)\r\n\tat org.openqa.selenium.remote.http.W3CHttpResponseCodec.decode(W3CHttpResponseCodec.java:49)\r\n\tat org.openqa.selenium.remote.HttpCommandExecutor.execute(HttpCommandExecutor.java:158)\r\n\tat org.openqa.selenium.remote.RemoteWebDriver.execute(RemoteWebDriver.java:552)\r\n\tat org.openqa.selenium.remote.RemoteWebDriver.executeScript(RemoteWebDriver.java:489)\r\n\tat org.webrtc.kite.telemed.steps.OpenUrlStep.step(OpenUrlStep.java:47)\r\n\tat io.cosmosoftware.kite.steps.TestStep.execute(TestStep.java:81)\r\n\tat io.cosmosoftware.kite.steps.TestStep.processTestStep(TestStep.java:329)\r\n\tat org.webrtc.kite.tests.TestRunner.call(TestRunner.java:187)\r\n\tat java.util.concurrent.FutureTask.run(FutureTask.java:266)\r\n\tat java.util.concurrent.ThreadPoolExecutor.runWorker(ThreadPoolExecutor.java:1149)\r\n\tat java.util.concurrent.ThreadPoolExecutor$Worker.run(ThreadPoolExecutor.java:624)\r\n\tat java.lang.Thread.run(Thread.java:750)\r\n"
    },
    "uuid": "4ee9b181-6f59-4030-a22b-d1e108190db4",
    "fullName": "org.webrtc.kite.telemed.KiteTelemedTest",
    "historyId": "785e3150-0aae-44b9-8a01-ca240c1a05ba",
    "links": [
    ],
    "labels": [
        {
            "name": "package",
            "value": "package org.webrtc.kite.telemed"
        },
        {
            "name": "testClass",
            "value": "class org.webrtc.kite.telemed.KiteTelemedTest"
        },
        {
            "name": "testMethod",
            "value": "execute"
        },
        {
            "name": "host",
            "value": "normalbook"
        },
        {
            "name": "suite",
            "value": "Telemed Test  (2023-07-30-180133)"
        },
        {
            "name": "parentSuite",
            "value": "Telemed  [2023-07-30-180132] (2023-07-30-180132)"
        }
    ]
}