
{
    "name": "WIN_ch-WIN_ch (2023-07-31-174729) - 0",
    "start": 1690818451672,
    "stop": 1690818452960,
    "description": "WIN_ch-WIN_ch (2023-07-31-174729)",
    "stage": "finished",
    "status": "BROKEN",
    "parameters": [
    ],
    "steps": [
        {
            "name": "Filling out reports, handling payload, creating runners..",
            "start": 1690818449886,
            "stop": 1690818451670,
            "description": "Filling out reports, handling payload, creating runners..",
            "stage": "finished",
            "status": "PASSED",
            "parameters": [
            ],
            "steps": [
            ],
            "attachments": [
            ],
            "statusDetails": {
                "known": false,
                "muted": false,
                "flaky": false,
                "message": "The test has passed successfully!"
            }
        },
        {
            "name": "unknown(no Web Driver): Initiate webDriver for client",
            "start": 1690818449892,
            "stop": 1690818451655,
            "description": "Initiate webDriver for client",
            "stage": "finished",
            "status": "PASSED",
            "parameters": [
            ],
            "steps": [
            ],
            "attachments": [
            ],
            "statusDetails": {
                "known": false,
                "muted": false,
                "flaky": false,
                "message": "The test has passed successfully!"
            }
        },
        {
            "name": "unknown(no Web Driver): Initiate webDriver for client",
            "start": 1690818449893,
            "stop": 1690818451656,
            "description": "Initiate webDriver for client",
            "stage": "finished",
            "status": "PASSED",
            "parameters": [
            ],
            "steps": [
            ],
            "attachments": [
            ],
            "statusDetails": {
                "known": false,
                "muted": false,
                "flaky": false,
                "message": "The test has passed successfully!"
            }
        },
        {
            "name": "ch115_WIN-d44b5 - 1: Open https://falgsc.eu.org/",
            "start": 1690818451673,
            "stop": 1690818452955,
            "description": "Open https://falgsc.eu.org/",
            "stage": "finished",
            "status": "BROKEN",
            "parameters": [
            ],
            "steps": [
            ],
            "attachments": [
                {
                    "name": "error_screenshot_OpenUrlStep",
                    "type": "image/png",
                    "source": "20583329-88fd-4ba8-97a9-8131b4715cab-attachment.png"
                },
                {
                    "name": "error.log",
                    "type": "text/json",
                    "source": "c2f1d54f-8326-4a0e-ac44-ccba9095383c-attachment.json"
                }
            ],
            "statusDetails": {
                "known": false,
                "muted": false,
                "flaky": true,
                "message": "***UNHANDLED EXCEPTION*** \r\n This is a bug and must be fixed. The exception must be caught and thrown as KiteTestException",
                "trace": "org.openqa.selenium.JavascriptException: javascript error: eyJhbGciOiJIUzI1NiIsInR5cCI6IkpXVCJ9 is not defined\n  (Session info: chrome=115.0.5790.110)\nBuild info: version: 'unknown', revision: 'unknown', time: 'unknown'\nSystem info: host: 'NORMALBOOK', ip: '192.168.178.64', os.name: 'Windows 11', os.arch: 'amd64', os.version: '10.0', java.version: '1.8.0_372'\nDriver info: org.openqa.selenium.remote.RemoteWebDriver\nCapabilities {acceptInsecureCerts: false, browserName: chrome, browserVersion: 115.0.5790.110, chrome: {chromedriverVersion: 114.0.5735.90 (386bc09e8f4f..., userDataDir: C:\\Users\\giann\\AppData\\Loca...}, goog:chromeOptions: {debuggerAddress: localhost:56858}, javascriptEnabled: true, networkConnectionEnabled: false, pageLoadStrategy: eager, platform: WINDOWS, platformName: WINDOWS, proxy: Proxy(), setWindowRect: true, strictFileInteractability: false, timeouts: {implicit: 0, pageLoad: 300000, script: 30000}, unhandledPromptBehavior: dismiss and notify, webauthn:extension:credBlob: true, webauthn:extension:largeBlob: true, webauthn:extension:minPinLength: true, webauthn:extension:prf: true, webauthn:virtualAuthenticators: true, webdriver.remote.sessionid: d44b5f9c77ddb3ec4e0bf31b0e8...}\nSession ID: d44b5f9c77ddb3ec4e0bf31b0e8f7027\r\n\tat sun.reflect.NativeConstructorAccessorImpl.newInstance0(Native Method)\r\n\tat sun.reflect.NativeConstructorAccessorImpl.newInstance(NativeConstructorAccessorImpl.java:62)\r\n\tat sun.reflect.DelegatingConstructorAccessorImpl.newInstance(DelegatingConstructorAccessorImpl.java:45)\r\n\tat java.lang.reflect.Constructor.newInstance(Constructor.java:423)\r\n\tat org.openqa.selenium.remote.http.W3CHttpResponseCodec.createException(W3CHttpResponseCodec.java:187)\r\n\tat org.openqa.selenium.remote.http.W3CHttpResponseCodec.decode(W3CHttpResponseCodec.java:122)\r\n\tat org.openqa.selenium.remote.http.W3CHttpResponseCodec.decode(W3CHttpResponseCodec.java:49)\r\n\tat org.openqa.selenium.remote.HttpCommandExecutor.execute(HttpCommandExecutor.java:158)\r\n\tat org.openqa.selenium.remote.RemoteWebDriver.execute(RemoteWebDriver.java:552)\r\n\tat org.openqa.selenium.remote.RemoteWebDriver.executeScript(RemoteWebDriver.java:489)\r\n\tat org.webrtc.kite.telemed.steps.OpenUrlStep.step(OpenUrlStep.java:59)\r\n\tat io.cosmosoftware.kite.steps.TestStep.execute(TestStep.java:81)\r\n\tat io.cosmosoftware.kite.steps.TestStep.processTestStep(TestStep.java:329)\r\n\tat org.webrtc.kite.tests.TestRunner.call(TestRunner.java:187)\r\n\tat java.util.concurrent.FutureTask.run(FutureTask.java:266)\r\n\tat java.util.concurrent.ThreadPoolExecutor.runWorker(ThreadPoolExecutor.java:1149)\r\n\tat java.util.concurrent.ThreadPoolExecutor$Worker.run(ThreadPoolExecutor.java:624)\r\n\tat java.lang.Thread.run(Thread.java:750)\r\n"
            }
        },
        {
            "name": "ch115_WIN-d44b5 - 1: Open https://falgsc.eu.org//#/pocPJ/166",
            "start": 1690818452955,
            "stop": 1690818452955,
            "description": "Open https://falgsc.eu.org//#/pocPJ/166",
            "stage": "finished",
            "status": "SKIPPED",
            "parameters": [
            ],
            "steps": [
            ],
            "attachments": [
            ],
            "statusDetails": {
                "known": false,
                "muted": false,
                "flaky": false,
                "message": "The test has passed successfully!"
            }
        },
        {
            "name": "ch115_WIN-e177b - 0: Open https://falgsc.eu.org/",
            "start": 1690818451672,
            "stop": 1690818452959,
            "description": "Open https://falgsc.eu.org/",
            "stage": "finished",
            "status": "BROKEN",
            "parameters": [
            ],
            "steps": [
            ],
            "attachments": [
                {
                    "name": "error_screenshot_OpenUrlStep",
                    "type": "image/png",
                    "source": "22951fec-e6f7-48a4-987c-ba817b2a199f-attachment.png"
                },
                {
                    "name": "error.log",
                    "type": "text/json",
                    "source": "814084dc-b812-412b-b8e8-be4bd235fc34-attachment.json"
                }
            ],
            "statusDetails": {
                "known": false,
                "muted": false,
                "flaky": true,
                "message": "***UNHANDLED EXCEPTION*** \r\n This is a bug and must be fixed. The exception must be caught and thrown as KiteTestException",
                "trace": "org.openqa.selenium.JavascriptException: javascript error: eyJhbGciOiJIUzI1NiIsInR5cCI6IkpXVCJ9 is not defined\n  (Session info: chrome=115.0.5790.110)\nBuild info: version: 'unknown', revision: 'unknown', time: 'unknown'\nSystem info: host: 'NORMALBOOK', ip: '192.168.178.64', os.name: 'Windows 11', os.arch: 'amd64', os.version: '10.0', java.version: '1.8.0_372'\nDriver info: org.openqa.selenium.remote.RemoteWebDriver\nCapabilities {acceptInsecureCerts: false, browserName: chrome, browserVersion: 115.0.5790.110, chrome: {chromedriverVersion: 114.0.5735.90 (386bc09e8f4f..., userDataDir: C:\\Users\\giann\\AppData\\Loca...}, goog:chromeOptions: {debuggerAddress: localhost:56857}, javascriptEnabled: true, networkConnectionEnabled: false, pageLoadStrategy: eager, platform: WINDOWS, platformName: WINDOWS, proxy: Proxy(), setWindowRect: true, strictFileInteractability: false, timeouts: {implicit: 0, pageLoad: 300000, script: 30000}, unhandledPromptBehavior: dismiss and notify, webauthn:extension:credBlob: true, webauthn:extension:largeBlob: true, webauthn:extension:minPinLength: true, webauthn:extension:prf: true, webauthn:virtualAuthenticators: true, webdriver.remote.sessionid: e177b5d7ff1325aacb5404a6c5a...}\nSession ID: e177b5d7ff1325aacb5404a6c5a64d21\r\n\tat sun.reflect.NativeConstructorAccessorImpl.newInstance0(Native Method)\r\n\tat sun.reflect.NativeConstructorAccessorImpl.newInstance(NativeConstructorAccessorImpl.java:62)\r\n\tat sun.reflect.DelegatingConstructorAccessorImpl.newInstance(DelegatingConstructorAccessorImpl.java:45)\r\n\tat java.lang.reflect.Constructor.newInstance(Constructor.java:423)\r\n\tat org.openqa.selenium.remote.http.W3CHttpResponseCodec.createException(W3CHttpResponseCodec.java:187)\r\n\tat org.openqa.selenium.remote.http.W3CHttpResponseCodec.decode(W3CHttpResponseCodec.java:122)\r\n\tat org.openqa.selenium.remote.http.W3CHttpResponseCodec.decode(W3CHttpResponseCodec.java:49)\r\n\tat org.openqa.selenium.remote.HttpCommandExecutor.execute(HttpCommandExecutor.java:158)\r\n\tat org.openqa.selenium.remote.RemoteWebDriver.execute(RemoteWebDriver.java:552)\r\n\tat org.openqa.selenium.remote.RemoteWebDriver.executeScript(RemoteWebDriver.java:489)\r\n\tat org.webrtc.kite.telemed.steps.OpenUrlStep.step(OpenUrlStep.java:59)\r\n\tat io.cosmosoftware.kite.steps.TestStep.execute(TestStep.java:81)\r\n\tat io.cosmosoftware.kite.steps.TestStep.processTestStep(TestStep.java:329)\r\n\tat org.webrtc.kite.tests.TestRunner.call(TestRunner.java:187)\r\n\tat java.util.concurrent.FutureTask.run(FutureTask.java:266)\r\n\tat java.util.concurrent.ThreadPoolExecutor.runWorker(ThreadPoolExecutor.java:1149)\r\n\tat java.util.concurrent.ThreadPoolExecutor$Worker.run(ThreadPoolExecutor.java:624)\r\n\tat java.lang.Thread.run(Thread.java:750)\r\n"
            }
        },
        {
            "name": "ch115_WIN-e177b - 0: Open https://falgsc.eu.org//#/pocPJ/166",
            "start": 1690818452959,
            "stop": 1690818452960,
            "description": "Open https://falgsc.eu.org//#/pocPJ/166",
            "stage": "finished",
            "status": "SKIPPED",
            "parameters": [
            ],
            "steps": [
            ],
            "attachments": [
            ],
            "statusDetails": {
                "known": false,
                "muted": false,
                "flaky": false,
                "message": "The test has passed successfully!"
            }
        },
        {
            "name": "Cleaning up and finishing the test",
            "start": 1690818452960,
            "stop": 1690818453626,
            "description": "Cleaning up and finishing the test",
            "stage": "finished",
            "status": "PASSED",
            "parameters": [
            ],
            "steps": [
            ],
            "attachments": [
            ],
            "statusDetails": {
                "known": false,
                "muted": false,
                "flaky": false,
                "message": "The test has passed successfully!"
            }
        }
    ],
    "attachments": [
    ],
    "statusDetails": {
        "known": false,
        "muted": false,
        "flaky": true,
        "message": "***UNHANDLED EXCEPTION*** \r\n This is a bug and must be fixed. The exception must be caught and thrown as KiteTestException",
        "trace": "org.openqa.selenium.JavascriptException: javascript error: eyJhbGciOiJIUzI1NiIsInR5cCI6IkpXVCJ9 is not defined\n  (Session info: chrome=115.0.5790.110)\nBuild info: version: 'unknown', revision: 'unknown', time: 'unknown'\nSystem info: host: 'NORMALBOOK', ip: '192.168.178.64', os.name: 'Windows 11', os.arch: 'amd64', os.version: '10.0', java.version: '1.8.0_372'\nDriver info: org.openqa.selenium.remote.RemoteWebDriver\nCapabilities {acceptInsecureCerts: false, browserName: chrome, browserVersion: 115.0.5790.110, chrome: {chromedriverVersion: 114.0.5735.90 (386bc09e8f4f..., userDataDir: C:\\Users\\giann\\AppData\\Loca...}, goog:chromeOptions: {debuggerAddress: localhost:56858}, javascriptEnabled: true, networkConnectionEnabled: false, pageLoadStrategy: eager, platform: WINDOWS, platformName: WINDOWS, proxy: Proxy(), setWindowRect: true, strictFileInteractability: false, timeouts: {implicit: 0, pageLoad: 300000, script: 30000}, unhandledPromptBehavior: dismiss and notify, webauthn:extension:credBlob: true, webauthn:extension:largeBlob: true, webauthn:extension:minPinLength: true, webauthn:extension:prf: true, webauthn:virtualAuthenticators: true, webdriver.remote.sessionid: d44b5f9c77ddb3ec4e0bf31b0e8...}\nSession ID: d44b5f9c77ddb3ec4e0bf31b0e8f7027\r\n\tat sun.reflect.NativeConstructorAccessorImpl.newInstance0(Native Method)\r\n\tat sun.reflect.NativeConstructorAccessorImpl.newInstance(NativeConstructorAccessorImpl.java:62)\r\n\tat sun.reflect.DelegatingConstructorAccessorImpl.newInstance(DelegatingConstructorAccessorImpl.java:45)\r\n\tat java.lang.reflect.Constructor.newInstance(Constructor.java:423)\r\n\tat org.openqa.selenium.remote.http.W3CHttpResponseCodec.createException(W3CHttpResponseCodec.java:187)\r\n\tat org.openqa.selenium.remote.http.W3CHttpResponseCodec.decode(W3CHttpResponseCodec.java:122)\r\n\tat org.openqa.selenium.remote.http.W3CHttpResponseCodec.decode(W3CHttpResponseCodec.java:49)\r\n\tat org.openqa.selenium.remote.HttpCommandExecutor.execute(HttpCommandExecutor.java:158)\r\n\tat org.openqa.selenium.remote.RemoteWebDriver.execute(RemoteWebDriver.java:552)\r\n\tat org.openqa.selenium.remote.RemoteWebDriver.executeScript(RemoteWebDriver.java:489)\r\n\tat org.webrtc.kite.telemed.steps.OpenUrlStep.step(OpenUrlStep.java:59)\r\n\tat io.cosmosoftware.kite.steps.TestStep.execute(TestStep.java:81)\r\n\tat io.cosmosoftware.kite.steps.TestStep.processTestStep(TestStep.java:329)\r\n\tat org.webrtc.kite.tests.TestRunner.call(TestRunner.java:187)\r\n\tat java.util.concurrent.FutureTask.run(FutureTask.java:266)\r\n\tat java.util.concurrent.ThreadPoolExecutor.runWorker(ThreadPoolExecutor.java:1149)\r\n\tat java.util.concurrent.ThreadPoolExecutor$Worker.run(ThreadPoolExecutor.java:624)\r\n\tat java.lang.Thread.run(Thread.java:750)\r\n"
    },
    "uuid": "4f6bd6fb-da2d-4b8b-aa2e-386e10604c40",
    "fullName": "org.webrtc.kite.telemed.KiteTelemedTest",
    "historyId": "6bf0739d-943d-4e6e-84bd-7d1240f4c1af",
    "links": [
    ],
    "labels": [
        {
            "name": "package",
            "value": "package org.webrtc.kite.telemed"
        },
        {
            "name": "testClass",
            "value": "class org.webrtc.kite.telemed.KiteTelemedTest"
        },
        {
            "name": "testMethod",
            "value": "execute"
        },
        {
            "name": "host",
            "value": "normalbook"
        },
        {
            "name": "suite",
            "value": "Telemed Test  (2023-07-31-174729)"
        },
        {
            "name": "parentSuite",
            "value": "Telemed  [2023-07-31-174729] (2023-07-31-174729)"
        }
    ]
}