
{
    "name": "WIN_ch-WIN_ch (2023-07-30-171649) - 0",
    "start": 1690730212740,
    "stop": 1690730214723,
    "description": "WIN_ch-WIN_ch (2023-07-30-171649)",
    "stage": "finished",
    "status": "BROKEN",
    "parameters": [
    ],
    "steps": [
        {
            "name": "Filling out reports, handling payload, creating runners..",
            "start": 1690730209756,
            "stop": 1690730212736,
            "description": "Filling out reports, handling payload, creating runners..",
            "stage": "finished",
            "status": "PASSED",
            "parameters": [
            ],
            "steps": [
            ],
            "attachments": [
            ],
            "statusDetails": {
                "known": false,
                "muted": false,
                "flaky": false,
                "message": "The test has passed successfully!"
            }
        },
        {
            "name": "unknown(no Web Driver): Initiate webDriver for client",
            "start": 1690730209766,
            "stop": 1690730212707,
            "description": "Initiate webDriver for client",
            "stage": "finished",
            "status": "PASSED",
            "parameters": [
            ],
            "steps": [
            ],
            "attachments": [
            ],
            "statusDetails": {
                "known": false,
                "muted": false,
                "flaky": false,
                "message": "The test has passed successfully!"
            }
        },
        {
            "name": "unknown(no Web Driver): Initiate webDriver for client",
            "start": 1690730209769,
            "stop": 1690730212709,
            "description": "Initiate webDriver for client",
            "stage": "finished",
            "status": "PASSED",
            "parameters": [
            ],
            "steps": [
            ],
            "attachments": [
            ],
            "statusDetails": {
                "known": false,
                "muted": false,
                "flaky": false,
                "message": "The test has passed successfully!"
            }
        },
        {
            "name": "ch115_WIN-db2af - 1: Open https://falgsc.eu.org",
            "start": 1690730212740,
            "stop": 1690730213979,
            "description": "Open https://falgsc.eu.org",
            "stage": "finished",
            "status": "PASSED",
            "parameters": [
            ],
            "steps": [
            ],
            "attachments": [
            ],
            "statusDetails": {
                "known": false,
                "muted": false,
                "flaky": false,
                "message": "The test has passed successfully!"
            }
        },
        {
            "name": "ch115_WIN-c18a4 - 0: Open https://falgsc.eu.org",
            "start": 1690730212740,
            "stop": 1690730214037,
            "description": "Open https://falgsc.eu.org",
            "stage": "finished",
            "status": "PASSED",
            "parameters": [
            ],
            "steps": [
            ],
            "attachments": [
            ],
            "statusDetails": {
                "known": false,
                "muted": false,
                "flaky": false,
                "message": "The test has passed successfully!"
            }
        },
        {
            "name": "ch115_WIN-c18a4 - 0: Open https://falgsc.eu.org /#/pocPJ/166",
            "start": 1690730214038,
            "stop": 1690730214720,
            "description": "Open https://falgsc.eu.org /#/pocPJ/166",
            "stage": "finished",
            "status": "BROKEN",
            "parameters": [
            ],
            "steps": [
            ],
            "attachments": [
                {
                    "name": "error_screenshot_AccessVisitStep",
                    "type": "image/png",
                    "source": "116fd51a-6c90-40f0-8eb8-bb034d60f654-attachment.png"
                },
                {
                    "name": "error.log",
                    "type": "text/json",
                    "source": "ae3bef75-13bd-4f8c-a793-4a1a66fffe97-attachment.json"
                }
            ],
            "statusDetails": {
                "known": false,
                "muted": false,
                "flaky": true,
                "message": "***UNHANDLED EXCEPTION*** \r\n This is a bug and must be fixed. The exception must be caught and thrown as KiteTestException",
                "trace": "org.openqa.selenium.WebDriverException: unknown error: net::ERR_NAME_NOT_RESOLVED\n  (Session info: chrome=115.0.5790.110)\nBuild info: version: 'unknown', revision: 'unknown', time: 'unknown'\nSystem info: host: 'NORMALBOOK', ip: '192.168.178.64', os.name: 'Windows 11', os.arch: 'amd64', os.version: '10.0', java.version: '1.8.0_372'\nDriver info: org.openqa.selenium.remote.RemoteWebDriver\nCapabilities {acceptInsecureCerts: false, browserName: chrome, browserVersion: 115.0.5790.110, chrome: {chromedriverVersion: 114.0.5735.90 (386bc09e8f4f..., userDataDir: C:\\Users\\giann\\AppData\\Loca...}, goog:chromeOptions: {debuggerAddress: localhost:56122}, javascriptEnabled: true, networkConnectionEnabled: false, pageLoadStrategy: eager, platform: WINDOWS, platformName: WINDOWS, proxy: Proxy(), setWindowRect: true, strictFileInteractability: false, timeouts: {implicit: 0, pageLoad: 300000, script: 30000}, unhandledPromptBehavior: dismiss and notify, webauthn:extension:credBlob: true, webauthn:extension:largeBlob: true, webauthn:extension:minPinLength: true, webauthn:extension:prf: true, webauthn:virtualAuthenticators: true, webdriver.remote.sessionid: c18a476200397c31020788b843c...}\nSession ID: c18a476200397c31020788b843cbc84d\r\n\tat sun.reflect.NativeConstructorAccessorImpl.newInstance0(Native Method)\r\n\tat sun.reflect.NativeConstructorAccessorImpl.newInstance(NativeConstructorAccessorImpl.java:62)\r\n\tat sun.reflect.DelegatingConstructorAccessorImpl.newInstance(DelegatingConstructorAccessorImpl.java:45)\r\n\tat java.lang.reflect.Constructor.newInstance(Constructor.java:423)\r\n\tat org.openqa.selenium.remote.http.W3CHttpResponseCodec.createException(W3CHttpResponseCodec.java:187)\r\n\tat org.openqa.selenium.remote.http.W3CHttpResponseCodec.decode(W3CHttpResponseCodec.java:122)\r\n\tat org.openqa.selenium.remote.http.W3CHttpResponseCodec.decode(W3CHttpResponseCodec.java:49)\r\n\tat org.openqa.selenium.remote.HttpCommandExecutor.execute(HttpCommandExecutor.java:158)\r\n\tat org.openqa.selenium.remote.RemoteWebDriver.execute(RemoteWebDriver.java:552)\r\n\tat org.openqa.selenium.remote.RemoteWebDriver.get(RemoteWebDriver.java:277)\r\n\tat io.cosmosoftware.kite.pages.BasePage.loadPage(BasePage.java:221)\r\n\tat org.webrtc.kite.telemed.pages.MainPage.open(MainPage.java:16)\r\n\tat org.webrtc.kite.telemed.steps.AccessVisitStep.step(AccessVisitStep.java:29)\r\n\tat io.cosmosoftware.kite.steps.TestStep.execute(TestStep.java:81)\r\n\tat io.cosmosoftware.kite.steps.TestStep.processTestStep(TestStep.java:329)\r\n\tat org.webrtc.kite.tests.TestRunner.call(TestRunner.java:187)\r\n\tat java.util.concurrent.FutureTask.run(FutureTask.java:266)\r\n\tat java.util.concurrent.ThreadPoolExecutor.runWorker(ThreadPoolExecutor.java:1149)\r\n\tat java.util.concurrent.ThreadPoolExecutor$Worker.run(ThreadPoolExecutor.java:624)\r\n\tat java.lang.Thread.run(Thread.java:750)\r\n"
            }
        },
        {
            "name": "ch115_WIN-c18a4 - 0: Getting stats from [\"window.pc[0]\"]",
            "start": 1690730214720,
            "stop": 1690730214721,
            "description": "Getting stats from [\"window.pc[0]\"]",
            "stage": "finished",
            "status": "SKIPPED",
            "parameters": [
            ],
            "steps": [
            ],
            "attachments": [
            ],
            "statusDetails": {
                "known": false,
                "muted": false,
                "flaky": false,
                "message": "The test has passed successfully!"
            }
        },
        {
            "name": "ch115_WIN-db2af - 1: Open https://falgsc.eu.org /#/pocPJ/166",
            "start": 1690730213980,
            "stop": 1690730214722,
            "description": "Open https://falgsc.eu.org /#/pocPJ/166",
            "stage": "finished",
            "status": "BROKEN",
            "parameters": [
            ],
            "steps": [
            ],
            "attachments": [
                {
                    "name": "error_screenshot_AccessVisitStep",
                    "type": "image/png",
                    "source": "2203645d-6e91-4774-abd8-08f013157dc7-attachment.png"
                },
                {
                    "name": "error.log",
                    "type": "text/json",
                    "source": "393019ab-cd69-4f69-8f3f-f90a6b29bbbf-attachment.json"
                }
            ],
            "statusDetails": {
                "known": false,
                "muted": false,
                "flaky": true,
                "message": "***UNHANDLED EXCEPTION*** \r\n This is a bug and must be fixed. The exception must be caught and thrown as KiteTestException",
                "trace": "org.openqa.selenium.WebDriverException: unknown error: net::ERR_NAME_NOT_RESOLVED\n  (Session info: chrome=115.0.5790.110)\nBuild info: version: 'unknown', revision: 'unknown', time: 'unknown'\nSystem info: host: 'NORMALBOOK', ip: '192.168.178.64', os.name: 'Windows 11', os.arch: 'amd64', os.version: '10.0', java.version: '1.8.0_372'\nDriver info: org.openqa.selenium.remote.RemoteWebDriver\nCapabilities {acceptInsecureCerts: false, browserName: chrome, browserVersion: 115.0.5790.110, chrome: {chromedriverVersion: 114.0.5735.90 (386bc09e8f4f..., userDataDir: C:\\Users\\giann\\AppData\\Loca...}, goog:chromeOptions: {debuggerAddress: localhost:56123}, javascriptEnabled: true, networkConnectionEnabled: false, pageLoadStrategy: eager, platform: WINDOWS, platformName: WINDOWS, proxy: Proxy(), setWindowRect: true, strictFileInteractability: false, timeouts: {implicit: 0, pageLoad: 300000, script: 30000}, unhandledPromptBehavior: dismiss and notify, webauthn:extension:credBlob: true, webauthn:extension:largeBlob: true, webauthn:extension:minPinLength: true, webauthn:extension:prf: true, webauthn:virtualAuthenticators: true, webdriver.remote.sessionid: db2af12036f4b993e30039d4e2a...}\nSession ID: db2af12036f4b993e30039d4e2a8338d\r\n\tat sun.reflect.NativeConstructorAccessorImpl.newInstance0(Native Method)\r\n\tat sun.reflect.NativeConstructorAccessorImpl.newInstance(NativeConstructorAccessorImpl.java:62)\r\n\tat sun.reflect.DelegatingConstructorAccessorImpl.newInstance(DelegatingConstructorAccessorImpl.java:45)\r\n\tat java.lang.reflect.Constructor.newInstance(Constructor.java:423)\r\n\tat org.openqa.selenium.remote.http.W3CHttpResponseCodec.createException(W3CHttpResponseCodec.java:187)\r\n\tat org.openqa.selenium.remote.http.W3CHttpResponseCodec.decode(W3CHttpResponseCodec.java:122)\r\n\tat org.openqa.selenium.remote.http.W3CHttpResponseCodec.decode(W3CHttpResponseCodec.java:49)\r\n\tat org.openqa.selenium.remote.HttpCommandExecutor.execute(HttpCommandExecutor.java:158)\r\n\tat org.openqa.selenium.remote.RemoteWebDriver.execute(RemoteWebDriver.java:552)\r\n\tat org.openqa.selenium.remote.RemoteWebDriver.get(RemoteWebDriver.java:277)\r\n\tat io.cosmosoftware.kite.pages.BasePage.loadPage(BasePage.java:221)\r\n\tat org.webrtc.kite.telemed.pages.MainPage.open(MainPage.java:16)\r\n\tat org.webrtc.kite.telemed.steps.AccessVisitStep.step(AccessVisitStep.java:29)\r\n\tat io.cosmosoftware.kite.steps.TestStep.execute(TestStep.java:81)\r\n\tat io.cosmosoftware.kite.steps.TestStep.processTestStep(TestStep.java:329)\r\n\tat org.webrtc.kite.tests.TestRunner.call(TestRunner.java:187)\r\n\tat java.util.concurrent.FutureTask.run(FutureTask.java:266)\r\n\tat java.util.concurrent.ThreadPoolExecutor.runWorker(ThreadPoolExecutor.java:1149)\r\n\tat java.util.concurrent.ThreadPoolExecutor$Worker.run(ThreadPoolExecutor.java:624)\r\n\tat java.lang.Thread.run(Thread.java:750)\r\n"
            }
        },
        {
            "name": "ch115_WIN-db2af - 1: Getting stats from [\"window.pc[0]\"]",
            "start": 1690730214722,
            "stop": 1690730214723,
            "description": "Getting stats from [\"window.pc[0]\"]",
            "stage": "finished",
            "status": "SKIPPED",
            "parameters": [
            ],
            "steps": [
            ],
            "attachments": [
            ],
            "statusDetails": {
                "known": false,
                "muted": false,
                "flaky": false,
                "message": "The test has passed successfully!"
            }
        },
        {
            "name": "Cleaning up and finishing the test",
            "start": 1690730214724,
            "stop": 1690730215504,
            "description": "Cleaning up and finishing the test",
            "stage": "finished",
            "status": "PASSED",
            "parameters": [
            ],
            "steps": [
            ],
            "attachments": [
            ],
            "statusDetails": {
                "known": false,
                "muted": false,
                "flaky": false,
                "message": "The test has passed successfully!"
            }
        }
    ],
    "attachments": [
    ],
    "statusDetails": {
        "known": false,
        "muted": false,
        "flaky": true,
        "message": "***UNHANDLED EXCEPTION*** \r\n This is a bug and must be fixed. The exception must be caught and thrown as KiteTestException",
        "trace": "org.openqa.selenium.WebDriverException: unknown error: net::ERR_NAME_NOT_RESOLVED\n  (Session info: chrome=115.0.5790.110)\nBuild info: version: 'unknown', revision: 'unknown', time: 'unknown'\nSystem info: host: 'NORMALBOOK', ip: '192.168.178.64', os.name: 'Windows 11', os.arch: 'amd64', os.version: '10.0', java.version: '1.8.0_372'\nDriver info: org.openqa.selenium.remote.RemoteWebDriver\nCapabilities {acceptInsecureCerts: false, browserName: chrome, browserVersion: 115.0.5790.110, chrome: {chromedriverVersion: 114.0.5735.90 (386bc09e8f4f..., userDataDir: C:\\Users\\giann\\AppData\\Loca...}, goog:chromeOptions: {debuggerAddress: localhost:56122}, javascriptEnabled: true, networkConnectionEnabled: false, pageLoadStrategy: eager, platform: WINDOWS, platformName: WINDOWS, proxy: Proxy(), setWindowRect: true, strictFileInteractability: false, timeouts: {implicit: 0, pageLoad: 300000, script: 30000}, unhandledPromptBehavior: dismiss and notify, webauthn:extension:credBlob: true, webauthn:extension:largeBlob: true, webauthn:extension:minPinLength: true, webauthn:extension:prf: true, webauthn:virtualAuthenticators: true, webdriver.remote.sessionid: c18a476200397c31020788b843c...}\nSession ID: c18a476200397c31020788b843cbc84d\r\n\tat sun.reflect.NativeConstructorAccessorImpl.newInstance0(Native Method)\r\n\tat sun.reflect.NativeConstructorAccessorImpl.newInstance(NativeConstructorAccessorImpl.java:62)\r\n\tat sun.reflect.DelegatingConstructorAccessorImpl.newInstance(DelegatingConstructorAccessorImpl.java:45)\r\n\tat java.lang.reflect.Constructor.newInstance(Constructor.java:423)\r\n\tat org.openqa.selenium.remote.http.W3CHttpResponseCodec.createException(W3CHttpResponseCodec.java:187)\r\n\tat org.openqa.selenium.remote.http.W3CHttpResponseCodec.decode(W3CHttpResponseCodec.java:122)\r\n\tat org.openqa.selenium.remote.http.W3CHttpResponseCodec.decode(W3CHttpResponseCodec.java:49)\r\n\tat org.openqa.selenium.remote.HttpCommandExecutor.execute(HttpCommandExecutor.java:158)\r\n\tat org.openqa.selenium.remote.RemoteWebDriver.execute(RemoteWebDriver.java:552)\r\n\tat org.openqa.selenium.remote.RemoteWebDriver.get(RemoteWebDriver.java:277)\r\n\tat io.cosmosoftware.kite.pages.BasePage.loadPage(BasePage.java:221)\r\n\tat org.webrtc.kite.telemed.pages.MainPage.open(MainPage.java:16)\r\n\tat org.webrtc.kite.telemed.steps.AccessVisitStep.step(AccessVisitStep.java:29)\r\n\tat io.cosmosoftware.kite.steps.TestStep.execute(TestStep.java:81)\r\n\tat io.cosmosoftware.kite.steps.TestStep.processTestStep(TestStep.java:329)\r\n\tat org.webrtc.kite.tests.TestRunner.call(TestRunner.java:187)\r\n\tat java.util.concurrent.FutureTask.run(FutureTask.java:266)\r\n\tat java.util.concurrent.ThreadPoolExecutor.runWorker(ThreadPoolExecutor.java:1149)\r\n\tat java.util.concurrent.ThreadPoolExecutor$Worker.run(ThreadPoolExecutor.java:624)\r\n\tat java.lang.Thread.run(Thread.java:750)\r\n"
    },
    "uuid": "507db8e8-e35c-4687-9690-bbae21dffe82",
    "fullName": "org.webrtc.kite.telemed.KiteTelemedTest",
    "historyId": "89e79042-f8e0-443d-ba3d-96d39084ce3b",
    "links": [
    ],
    "labels": [
        {
            "name": "package",
            "value": "package org.webrtc.kite.telemed"
        },
        {
            "name": "testClass",
            "value": "class org.webrtc.kite.telemed.KiteTelemedTest"
        },
        {
            "name": "testMethod",
            "value": "execute"
        },
        {
            "name": "host",
            "value": "normalbook"
        },
        {
            "name": "suite",
            "value": "Telemed Test  (2023-07-30-171649)"
        },
        {
            "name": "parentSuite",
            "value": "Telemed  [2023-07-30-171649] (2023-07-30-171649)"
        }
    ]
}