
{
    "name": "WIN_ch-WIN_ch (2023-07-31-174354) - 0",
    "start": 1690818237028,
    "stop": 1690818238543,
    "description": "WIN_ch-WIN_ch (2023-07-31-174354)",
    "stage": "finished",
    "status": "BROKEN",
    "parameters": [
    ],
    "steps": [
        {
            "name": "Filling out reports, handling payload, creating runners..",
            "start": 1690818234588,
            "stop": 1690818237026,
            "description": "Filling out reports, handling payload, creating runners..",
            "stage": "finished",
            "status": "PASSED",
            "parameters": [
            ],
            "steps": [
            ],
            "attachments": [
            ],
            "statusDetails": {
                "known": false,
                "muted": false,
                "flaky": false,
                "message": "The test has passed successfully!"
            }
        },
        {
            "name": "unknown(no Web Driver): Initiate webDriver for client",
            "start": 1690818234595,
            "stop": 1690818236992,
            "description": "Initiate webDriver for client",
            "stage": "finished",
            "status": "PASSED",
            "parameters": [
            ],
            "steps": [
            ],
            "attachments": [
            ],
            "statusDetails": {
                "known": false,
                "muted": false,
                "flaky": false,
                "message": "The test has passed successfully!"
            }
        },
        {
            "name": "unknown(no Web Driver): Initiate webDriver for client",
            "start": 1690818234596,
            "stop": 1690818236994,
            "description": "Initiate webDriver for client",
            "stage": "finished",
            "status": "PASSED",
            "parameters": [
            ],
            "steps": [
            ],
            "attachments": [
            ],
            "statusDetails": {
                "known": false,
                "muted": false,
                "flaky": false,
                "message": "The test has passed successfully!"
            }
        },
        {
            "name": "ch115_WIN-ab342 - 1: Open https://falgsc.eu.org/",
            "start": 1690818237029,
            "stop": 1690818238541,
            "description": "Open https://falgsc.eu.org/",
            "stage": "finished",
            "status": "BROKEN",
            "parameters": [
            ],
            "steps": [
            ],
            "attachments": [
                {
                    "name": "error_screenshot_OpenUrlStep",
                    "type": "image/png",
                    "source": "50db6227-c20c-4075-bbe7-3cc4f8ddb3cd-attachment.png"
                },
                {
                    "name": "error.log",
                    "type": "text/json",
                    "source": "2c527c54-997c-4fc1-bff0-45ddd51bf47f-attachment.json"
                }
            ],
            "statusDetails": {
                "known": false,
                "muted": false,
                "flaky": true,
                "message": "***UNHANDLED EXCEPTION*** \r\n This is a bug and must be fixed. The exception must be caught and thrown as KiteTestException",
                "trace": "org.openqa.selenium.JavascriptException: javascript error: eyJhbGciOiJIUzI1NiIsInR5cCI6IkpXVCJ9 is not defined\n  (Session info: chrome=115.0.5790.110)\nBuild info: version: 'unknown', revision: 'unknown', time: 'unknown'\nSystem info: host: 'NORMALBOOK', ip: '192.168.178.64', os.name: 'Windows 11', os.arch: 'amd64', os.version: '10.0', java.version: '1.8.0_372'\nDriver info: org.openqa.selenium.remote.RemoteWebDriver\nCapabilities {acceptInsecureCerts: false, browserName: chrome, browserVersion: 115.0.5790.110, chrome: {chromedriverVersion: 114.0.5735.90 (386bc09e8f4f..., userDataDir: C:\\Users\\giann\\AppData\\Loca...}, goog:chromeOptions: {debuggerAddress: localhost:56460}, javascriptEnabled: true, networkConnectionEnabled: false, pageLoadStrategy: eager, platform: WINDOWS, platformName: WINDOWS, proxy: Proxy(), setWindowRect: true, strictFileInteractability: false, timeouts: {implicit: 0, pageLoad: 300000, script: 30000}, unhandledPromptBehavior: dismiss and notify, webauthn:extension:credBlob: true, webauthn:extension:largeBlob: true, webauthn:extension:minPinLength: true, webauthn:extension:prf: true, webauthn:virtualAuthenticators: true, webdriver.remote.sessionid: ab3421714b14d69e4931222aefa...}\nSession ID: ab3421714b14d69e4931222aefa69f0e\r\n\tat sun.reflect.NativeConstructorAccessorImpl.newInstance0(Native Method)\r\n\tat sun.reflect.NativeConstructorAccessorImpl.newInstance(NativeConstructorAccessorImpl.java:62)\r\n\tat sun.reflect.DelegatingConstructorAccessorImpl.newInstance(DelegatingConstructorAccessorImpl.java:45)\r\n\tat java.lang.reflect.Constructor.newInstance(Constructor.java:423)\r\n\tat org.openqa.selenium.remote.http.W3CHttpResponseCodec.createException(W3CHttpResponseCodec.java:187)\r\n\tat org.openqa.selenium.remote.http.W3CHttpResponseCodec.decode(W3CHttpResponseCodec.java:122)\r\n\tat org.openqa.selenium.remote.http.W3CHttpResponseCodec.decode(W3CHttpResponseCodec.java:49)\r\n\tat org.openqa.selenium.remote.HttpCommandExecutor.execute(HttpCommandExecutor.java:158)\r\n\tat org.openqa.selenium.remote.RemoteWebDriver.execute(RemoteWebDriver.java:552)\r\n\tat org.openqa.selenium.remote.RemoteWebDriver.executeScript(RemoteWebDriver.java:489)\r\n\tat org.webrtc.kite.telemed.steps.OpenUrlStep.step(OpenUrlStep.java:58)\r\n\tat io.cosmosoftware.kite.steps.TestStep.execute(TestStep.java:81)\r\n\tat io.cosmosoftware.kite.steps.TestStep.processTestStep(TestStep.java:329)\r\n\tat org.webrtc.kite.tests.TestRunner.call(TestRunner.java:187)\r\n\tat java.util.concurrent.FutureTask.run(FutureTask.java:266)\r\n\tat java.util.concurrent.ThreadPoolExecutor.runWorker(ThreadPoolExecutor.java:1149)\r\n\tat java.util.concurrent.ThreadPoolExecutor$Worker.run(ThreadPoolExecutor.java:624)\r\n\tat java.lang.Thread.run(Thread.java:750)\r\n"
            }
        },
        {
            "name": "ch115_WIN-ab342 - 1: Open https://falgsc.eu.org//#/pocPJ/166",
            "start": 1690818238541,
            "stop": 1690818238542,
            "description": "Open https://falgsc.eu.org//#/pocPJ/166",
            "stage": "finished",
            "status": "SKIPPED",
            "parameters": [
            ],
            "steps": [
            ],
            "attachments": [
            ],
            "statusDetails": {
                "known": false,
                "muted": false,
                "flaky": false,
                "message": "The test has passed successfully!"
            }
        },
        {
            "name": "ch115_WIN-f5357 - 0: Open https://falgsc.eu.org/",
            "start": 1690818237029,
            "stop": 1690818238543,
            "description": "Open https://falgsc.eu.org/",
            "stage": "finished",
            "status": "BROKEN",
            "parameters": [
            ],
            "steps": [
            ],
            "attachments": [
                {
                    "name": "error_screenshot_OpenUrlStep",
                    "type": "image/png",
                    "source": "09a3f9b3-e4e4-440b-86b0-770bb04cc3f2-attachment.png"
                },
                {
                    "name": "error.log",
                    "type": "text/json",
                    "source": "4f21d1ad-22b6-4f65-a9da-eb07a5d72150-attachment.json"
                }
            ],
            "statusDetails": {
                "known": false,
                "muted": false,
                "flaky": true,
                "message": "***UNHANDLED EXCEPTION*** \r\n This is a bug and must be fixed. The exception must be caught and thrown as KiteTestException",
                "trace": "org.openqa.selenium.JavascriptException: javascript error: eyJhbGciOiJIUzI1NiIsInR5cCI6IkpXVCJ9 is not defined\n  (Session info: chrome=115.0.5790.110)\nBuild info: version: 'unknown', revision: 'unknown', time: 'unknown'\nSystem info: host: 'NORMALBOOK', ip: '192.168.178.64', os.name: 'Windows 11', os.arch: 'amd64', os.version: '10.0', java.version: '1.8.0_372'\nDriver info: org.openqa.selenium.remote.RemoteWebDriver\nCapabilities {acceptInsecureCerts: false, browserName: chrome, browserVersion: 115.0.5790.110, chrome: {chromedriverVersion: 114.0.5735.90 (386bc09e8f4f..., userDataDir: C:\\Users\\giann\\AppData\\Loca...}, goog:chromeOptions: {debuggerAddress: localhost:56459}, javascriptEnabled: true, networkConnectionEnabled: false, pageLoadStrategy: eager, platform: WINDOWS, platformName: WINDOWS, proxy: Proxy(), setWindowRect: true, strictFileInteractability: false, timeouts: {implicit: 0, pageLoad: 300000, script: 30000}, unhandledPromptBehavior: dismiss and notify, webauthn:extension:credBlob: true, webauthn:extension:largeBlob: true, webauthn:extension:minPinLength: true, webauthn:extension:prf: true, webauthn:virtualAuthenticators: true, webdriver.remote.sessionid: f5357c259c4e80fde1f60205735...}\nSession ID: f5357c259c4e80fde1f6020573558a5a\r\n\tat sun.reflect.NativeConstructorAccessorImpl.newInstance0(Native Method)\r\n\tat sun.reflect.NativeConstructorAccessorImpl.newInstance(NativeConstructorAccessorImpl.java:62)\r\n\tat sun.reflect.DelegatingConstructorAccessorImpl.newInstance(DelegatingConstructorAccessorImpl.java:45)\r\n\tat java.lang.reflect.Constructor.newInstance(Constructor.java:423)\r\n\tat org.openqa.selenium.remote.http.W3CHttpResponseCodec.createException(W3CHttpResponseCodec.java:187)\r\n\tat org.openqa.selenium.remote.http.W3CHttpResponseCodec.decode(W3CHttpResponseCodec.java:122)\r\n\tat org.openqa.selenium.remote.http.W3CHttpResponseCodec.decode(W3CHttpResponseCodec.java:49)\r\n\tat org.openqa.selenium.remote.HttpCommandExecutor.execute(HttpCommandExecutor.java:158)\r\n\tat org.openqa.selenium.remote.RemoteWebDriver.execute(RemoteWebDriver.java:552)\r\n\tat org.openqa.selenium.remote.RemoteWebDriver.executeScript(RemoteWebDriver.java:489)\r\n\tat org.webrtc.kite.telemed.steps.OpenUrlStep.step(OpenUrlStep.java:58)\r\n\tat io.cosmosoftware.kite.steps.TestStep.execute(TestStep.java:81)\r\n\tat io.cosmosoftware.kite.steps.TestStep.processTestStep(TestStep.java:329)\r\n\tat org.webrtc.kite.tests.TestRunner.call(TestRunner.java:187)\r\n\tat java.util.concurrent.FutureTask.run(FutureTask.java:266)\r\n\tat java.util.concurrent.ThreadPoolExecutor.runWorker(ThreadPoolExecutor.java:1149)\r\n\tat java.util.concurrent.ThreadPoolExecutor$Worker.run(ThreadPoolExecutor.java:624)\r\n\tat java.lang.Thread.run(Thread.java:750)\r\n"
            }
        },
        {
            "name": "ch115_WIN-f5357 - 0: Open https://falgsc.eu.org//#/pocPJ/166",
            "start": 1690818238543,
            "stop": 1690818238543,
            "description": "Open https://falgsc.eu.org//#/pocPJ/166",
            "stage": "finished",
            "status": "SKIPPED",
            "parameters": [
            ],
            "steps": [
            ],
            "attachments": [
            ],
            "statusDetails": {
                "known": false,
                "muted": false,
                "flaky": false,
                "message": "The test has passed successfully!"
            }
        },
        {
            "name": "Cleaning up and finishing the test",
            "start": 1690818238543,
            "stop": 1690818239221,
            "description": "Cleaning up and finishing the test",
            "stage": "finished",
            "status": "PASSED",
            "parameters": [
            ],
            "steps": [
            ],
            "attachments": [
            ],
            "statusDetails": {
                "known": false,
                "muted": false,
                "flaky": false,
                "message": "The test has passed successfully!"
            }
        }
    ],
    "attachments": [
    ],
    "statusDetails": {
        "known": false,
        "muted": false,
        "flaky": true,
        "message": "***UNHANDLED EXCEPTION*** \r\n This is a bug and must be fixed. The exception must be caught and thrown as KiteTestException",
        "trace": "org.openqa.selenium.JavascriptException: javascript error: eyJhbGciOiJIUzI1NiIsInR5cCI6IkpXVCJ9 is not defined\n  (Session info: chrome=115.0.5790.110)\nBuild info: version: 'unknown', revision: 'unknown', time: 'unknown'\nSystem info: host: 'NORMALBOOK', ip: '192.168.178.64', os.name: 'Windows 11', os.arch: 'amd64', os.version: '10.0', java.version: '1.8.0_372'\nDriver info: org.openqa.selenium.remote.RemoteWebDriver\nCapabilities {acceptInsecureCerts: false, browserName: chrome, browserVersion: 115.0.5790.110, chrome: {chromedriverVersion: 114.0.5735.90 (386bc09e8f4f..., userDataDir: C:\\Users\\giann\\AppData\\Loca...}, goog:chromeOptions: {debuggerAddress: localhost:56460}, javascriptEnabled: true, networkConnectionEnabled: false, pageLoadStrategy: eager, platform: WINDOWS, platformName: WINDOWS, proxy: Proxy(), setWindowRect: true, strictFileInteractability: false, timeouts: {implicit: 0, pageLoad: 300000, script: 30000}, unhandledPromptBehavior: dismiss and notify, webauthn:extension:credBlob: true, webauthn:extension:largeBlob: true, webauthn:extension:minPinLength: true, webauthn:extension:prf: true, webauthn:virtualAuthenticators: true, webdriver.remote.sessionid: ab3421714b14d69e4931222aefa...}\nSession ID: ab3421714b14d69e4931222aefa69f0e\r\n\tat sun.reflect.NativeConstructorAccessorImpl.newInstance0(Native Method)\r\n\tat sun.reflect.NativeConstructorAccessorImpl.newInstance(NativeConstructorAccessorImpl.java:62)\r\n\tat sun.reflect.DelegatingConstructorAccessorImpl.newInstance(DelegatingConstructorAccessorImpl.java:45)\r\n\tat java.lang.reflect.Constructor.newInstance(Constructor.java:423)\r\n\tat org.openqa.selenium.remote.http.W3CHttpResponseCodec.createException(W3CHttpResponseCodec.java:187)\r\n\tat org.openqa.selenium.remote.http.W3CHttpResponseCodec.decode(W3CHttpResponseCodec.java:122)\r\n\tat org.openqa.selenium.remote.http.W3CHttpResponseCodec.decode(W3CHttpResponseCodec.java:49)\r\n\tat org.openqa.selenium.remote.HttpCommandExecutor.execute(HttpCommandExecutor.java:158)\r\n\tat org.openqa.selenium.remote.RemoteWebDriver.execute(RemoteWebDriver.java:552)\r\n\tat org.openqa.selenium.remote.RemoteWebDriver.executeScript(RemoteWebDriver.java:489)\r\n\tat org.webrtc.kite.telemed.steps.OpenUrlStep.step(OpenUrlStep.java:58)\r\n\tat io.cosmosoftware.kite.steps.TestStep.execute(TestStep.java:81)\r\n\tat io.cosmosoftware.kite.steps.TestStep.processTestStep(TestStep.java:329)\r\n\tat org.webrtc.kite.tests.TestRunner.call(TestRunner.java:187)\r\n\tat java.util.concurrent.FutureTask.run(FutureTask.java:266)\r\n\tat java.util.concurrent.ThreadPoolExecutor.runWorker(ThreadPoolExecutor.java:1149)\r\n\tat java.util.concurrent.ThreadPoolExecutor$Worker.run(ThreadPoolExecutor.java:624)\r\n\tat java.lang.Thread.run(Thread.java:750)\r\n"
    },
    "uuid": "7448fe19-99ae-446f-97ab-053dbab0363f",
    "fullName": "org.webrtc.kite.telemed.KiteTelemedTest",
    "historyId": "9ee3a149-eb87-4bb1-9e5e-ced231a85c3e",
    "links": [
    ],
    "labels": [
        {
            "name": "package",
            "value": "package org.webrtc.kite.telemed"
        },
        {
            "name": "testClass",
            "value": "class org.webrtc.kite.telemed.KiteTelemedTest"
        },
        {
            "name": "testMethod",
            "value": "execute"
        },
        {
            "name": "host",
            "value": "normalbook"
        },
        {
            "name": "suite",
            "value": "Telemed Test  (2023-07-31-174354)"
        },
        {
            "name": "parentSuite",
            "value": "Telemed  [2023-07-31-174354] (2023-07-31-174354)"
        }
    ]
}