
{
    "name": "WIN_ch-WIN_ch (2023-07-31-174112) - 0",
    "start": 1690818075017,
    "stop": 1690818076803,
    "description": "WIN_ch-WIN_ch (2023-07-31-174112)",
    "stage": "finished",
    "status": "BROKEN",
    "parameters": [
    ],
    "steps": [
        {
            "name": "Filling out reports, handling payload, creating runners..",
            "start": 1690818072698,
            "stop": 1690818075014,
            "description": "Filling out reports, handling payload, creating runners..",
            "stage": "finished",
            "status": "PASSED",
            "parameters": [
            ],
            "steps": [
            ],
            "attachments": [
            ],
            "statusDetails": {
                "known": false,
                "muted": false,
                "flaky": false,
                "message": "The test has passed successfully!"
            }
        },
        {
            "name": "unknown(no Web Driver): Initiate webDriver for client",
            "start": 1690818072707,
            "stop": 1690818074994,
            "description": "Initiate webDriver for client",
            "stage": "finished",
            "status": "PASSED",
            "parameters": [
            ],
            "steps": [
            ],
            "attachments": [
            ],
            "statusDetails": {
                "known": false,
                "muted": false,
                "flaky": false,
                "message": "The test has passed successfully!"
            }
        },
        {
            "name": "unknown(no Web Driver): Initiate webDriver for client",
            "start": 1690818072706,
            "stop": 1690818074994,
            "description": "Initiate webDriver for client",
            "stage": "finished",
            "status": "PASSED",
            "parameters": [
            ],
            "steps": [
            ],
            "attachments": [
            ],
            "statusDetails": {
                "known": false,
                "muted": false,
                "flaky": false,
                "message": "The test has passed successfully!"
            }
        },
        {
            "name": "ch115_WIN-68e0d - 0: Open https://falgsc.eu.org/",
            "start": 1690818075017,
            "stop": 1690818076524,
            "description": "Open https://falgsc.eu.org/",
            "stage": "finished",
            "status": "BROKEN",
            "parameters": [
            ],
            "steps": [
            ],
            "attachments": [
                {
                    "name": "error_screenshot_OpenUrlStep",
                    "type": "image/png",
                    "source": "75287c27-608d-4ba1-8ea8-94543efb4222-attachment.png"
                },
                {
                    "name": "error.log",
                    "type": "text/json",
                    "source": "53312c06-84ce-47b7-8079-56394adf32e6-attachment.json"
                }
            ],
            "statusDetails": {
                "known": false,
                "muted": false,
                "flaky": true,
                "message": "***UNHANDLED EXCEPTION*** \r\n This is a bug and must be fixed. The exception must be caught and thrown as KiteTestException",
                "trace": "org.openqa.selenium.JavascriptException: javascript error: eyJhbGciOiJIUzI1NiIsInR5cCI6IkpXVCJ9 is not defined\n  (Session info: chrome=115.0.5790.110)\nBuild info: version: 'unknown', revision: 'unknown', time: 'unknown'\nSystem info: host: 'NORMALBOOK', ip: '192.168.178.64', os.name: 'Windows 11', os.arch: 'amd64', os.version: '10.0', java.version: '1.8.0_372'\nDriver info: org.openqa.selenium.remote.RemoteWebDriver\nCapabilities {acceptInsecureCerts: false, browserName: chrome, browserVersion: 115.0.5790.110, chrome: {chromedriverVersion: 114.0.5735.90 (386bc09e8f4f..., userDataDir: C:\\Users\\giann\\AppData\\Loca...}, goog:chromeOptions: {debuggerAddress: localhost:56232}, javascriptEnabled: true, networkConnectionEnabled: false, pageLoadStrategy: eager, platform: WINDOWS, platformName: WINDOWS, proxy: Proxy(), setWindowRect: true, strictFileInteractability: false, timeouts: {implicit: 0, pageLoad: 300000, script: 30000}, unhandledPromptBehavior: dismiss and notify, webauthn:extension:credBlob: true, webauthn:extension:largeBlob: true, webauthn:extension:minPinLength: true, webauthn:extension:prf: true, webauthn:virtualAuthenticators: true, webdriver.remote.sessionid: 68e0db728ab9e6977651ef71d88...}\nSession ID: 68e0db728ab9e6977651ef71d889bcce\r\n\tat sun.reflect.NativeConstructorAccessorImpl.newInstance0(Native Method)\r\n\tat sun.reflect.NativeConstructorAccessorImpl.newInstance(NativeConstructorAccessorImpl.java:62)\r\n\tat sun.reflect.DelegatingConstructorAccessorImpl.newInstance(DelegatingConstructorAccessorImpl.java:45)\r\n\tat java.lang.reflect.Constructor.newInstance(Constructor.java:423)\r\n\tat org.openqa.selenium.remote.http.W3CHttpResponseCodec.createException(W3CHttpResponseCodec.java:187)\r\n\tat org.openqa.selenium.remote.http.W3CHttpResponseCodec.decode(W3CHttpResponseCodec.java:122)\r\n\tat org.openqa.selenium.remote.http.W3CHttpResponseCodec.decode(W3CHttpResponseCodec.java:49)\r\n\tat org.openqa.selenium.remote.HttpCommandExecutor.execute(HttpCommandExecutor.java:158)\r\n\tat org.openqa.selenium.remote.RemoteWebDriver.execute(RemoteWebDriver.java:552)\r\n\tat org.openqa.selenium.remote.RemoteWebDriver.executeScript(RemoteWebDriver.java:489)\r\n\tat org.webrtc.kite.telemed.steps.OpenUrlStep.step(OpenUrlStep.java:58)\r\n\tat io.cosmosoftware.kite.steps.TestStep.execute(TestStep.java:81)\r\n\tat io.cosmosoftware.kite.steps.TestStep.processTestStep(TestStep.java:329)\r\n\tat org.webrtc.kite.tests.TestRunner.call(TestRunner.java:187)\r\n\tat java.util.concurrent.FutureTask.run(FutureTask.java:266)\r\n\tat java.util.concurrent.ThreadPoolExecutor.runWorker(ThreadPoolExecutor.java:1149)\r\n\tat java.util.concurrent.ThreadPoolExecutor$Worker.run(ThreadPoolExecutor.java:624)\r\n\tat java.lang.Thread.run(Thread.java:750)\r\n"
            }
        },
        {
            "name": "ch115_WIN-68e0d - 0: Open https://falgsc.eu.org//#/pocPJ/166",
            "start": 1690818076524,
            "stop": 1690818076525,
            "description": "Open https://falgsc.eu.org//#/pocPJ/166",
            "stage": "finished",
            "status": "SKIPPED",
            "parameters": [
            ],
            "steps": [
            ],
            "attachments": [
            ],
            "statusDetails": {
                "known": false,
                "muted": false,
                "flaky": false,
                "message": "The test has passed successfully!"
            }
        },
        {
            "name": "ch115_WIN-c3c38 - 1: Open https://falgsc.eu.org/",
            "start": 1690818075017,
            "stop": 1690818076803,
            "description": "Open https://falgsc.eu.org/",
            "stage": "finished",
            "status": "BROKEN",
            "parameters": [
            ],
            "steps": [
            ],
            "attachments": [
                {
                    "name": "error_screenshot_OpenUrlStep",
                    "type": "image/png",
                    "source": "1f4cb3f3-cdb5-4144-85a9-79ef54858aa0-attachment.png"
                },
                {
                    "name": "error.log",
                    "type": "text/json",
                    "source": "ca58dc93-534d-4ebf-9e0d-7a95dc3ac688-attachment.json"
                }
            ],
            "statusDetails": {
                "known": false,
                "muted": false,
                "flaky": true,
                "message": "***UNHANDLED EXCEPTION*** \r\n This is a bug and must be fixed. The exception must be caught and thrown as KiteTestException",
                "trace": "org.openqa.selenium.JavascriptException: javascript error: Invalid or unexpected token\n  (Session info: chrome=115.0.5790.110)\nBuild info: version: 'unknown', revision: 'unknown', time: 'unknown'\nSystem info: host: 'NORMALBOOK', ip: '192.168.178.64', os.name: 'Windows 11', os.arch: 'amd64', os.version: '10.0', java.version: '1.8.0_372'\nDriver info: org.openqa.selenium.remote.RemoteWebDriver\nCapabilities {acceptInsecureCerts: false, browserName: chrome, browserVersion: 115.0.5790.110, chrome: {chromedriverVersion: 114.0.5735.90 (386bc09e8f4f..., userDataDir: C:\\Users\\giann\\AppData\\Loca...}, goog:chromeOptions: {debuggerAddress: localhost:56233}, javascriptEnabled: true, networkConnectionEnabled: false, pageLoadStrategy: eager, platform: WINDOWS, platformName: WINDOWS, proxy: Proxy(), setWindowRect: true, strictFileInteractability: false, timeouts: {implicit: 0, pageLoad: 300000, script: 30000}, unhandledPromptBehavior: dismiss and notify, webauthn:extension:credBlob: true, webauthn:extension:largeBlob: true, webauthn:extension:minPinLength: true, webauthn:extension:prf: true, webauthn:virtualAuthenticators: true, webdriver.remote.sessionid: c3c38a49c90ce9b9bf073b00192...}\nSession ID: c3c38a49c90ce9b9bf073b00192f55c4\r\n\tat sun.reflect.NativeConstructorAccessorImpl.newInstance0(Native Method)\r\n\tat sun.reflect.NativeConstructorAccessorImpl.newInstance(NativeConstructorAccessorImpl.java:62)\r\n\tat sun.reflect.DelegatingConstructorAccessorImpl.newInstance(DelegatingConstructorAccessorImpl.java:45)\r\n\tat java.lang.reflect.Constructor.newInstance(Constructor.java:423)\r\n\tat org.openqa.selenium.remote.http.W3CHttpResponseCodec.createException(W3CHttpResponseCodec.java:187)\r\n\tat org.openqa.selenium.remote.http.W3CHttpResponseCodec.decode(W3CHttpResponseCodec.java:122)\r\n\tat org.openqa.selenium.remote.http.W3CHttpResponseCodec.decode(W3CHttpResponseCodec.java:49)\r\n\tat org.openqa.selenium.remote.HttpCommandExecutor.execute(HttpCommandExecutor.java:158)\r\n\tat org.openqa.selenium.remote.RemoteWebDriver.execute(RemoteWebDriver.java:552)\r\n\tat org.openqa.selenium.remote.RemoteWebDriver.executeScript(RemoteWebDriver.java:489)\r\n\tat org.webrtc.kite.telemed.steps.OpenUrlStep.step(OpenUrlStep.java:58)\r\n\tat io.cosmosoftware.kite.steps.TestStep.execute(TestStep.java:81)\r\n\tat io.cosmosoftware.kite.steps.TestStep.processTestStep(TestStep.java:329)\r\n\tat org.webrtc.kite.tests.TestRunner.call(TestRunner.java:187)\r\n\tat java.util.concurrent.FutureTask.run(FutureTask.java:266)\r\n\tat java.util.concurrent.ThreadPoolExecutor.runWorker(ThreadPoolExecutor.java:1149)\r\n\tat java.util.concurrent.ThreadPoolExecutor$Worker.run(ThreadPoolExecutor.java:624)\r\n\tat java.lang.Thread.run(Thread.java:750)\r\n"
            }
        },
        {
            "name": "ch115_WIN-c3c38 - 1: Open https://falgsc.eu.org//#/pocPJ/166",
            "start": 1690818076803,
            "stop": 1690818076803,
            "description": "Open https://falgsc.eu.org//#/pocPJ/166",
            "stage": "finished",
            "status": "SKIPPED",
            "parameters": [
            ],
            "steps": [
            ],
            "attachments": [
            ],
            "statusDetails": {
                "known": false,
                "muted": false,
                "flaky": false,
                "message": "The test has passed successfully!"
            }
        },
        {
            "name": "Cleaning up and finishing the test",
            "start": 1690818076804,
            "stop": 1690818077529,
            "description": "Cleaning up and finishing the test",
            "stage": "finished",
            "status": "PASSED",
            "parameters": [
            ],
            "steps": [
            ],
            "attachments": [
            ],
            "statusDetails": {
                "known": false,
                "muted": false,
                "flaky": false,
                "message": "The test has passed successfully!"
            }
        }
    ],
    "attachments": [
    ],
    "statusDetails": {
        "known": false,
        "muted": false,
        "flaky": true,
        "message": "***UNHANDLED EXCEPTION*** \r\n This is a bug and must be fixed. The exception must be caught and thrown as KiteTestException",
        "trace": "org.openqa.selenium.JavascriptException: javascript error: eyJhbGciOiJIUzI1NiIsInR5cCI6IkpXVCJ9 is not defined\n  (Session info: chrome=115.0.5790.110)\nBuild info: version: 'unknown', revision: 'unknown', time: 'unknown'\nSystem info: host: 'NORMALBOOK', ip: '192.168.178.64', os.name: 'Windows 11', os.arch: 'amd64', os.version: '10.0', java.version: '1.8.0_372'\nDriver info: org.openqa.selenium.remote.RemoteWebDriver\nCapabilities {acceptInsecureCerts: false, browserName: chrome, browserVersion: 115.0.5790.110, chrome: {chromedriverVersion: 114.0.5735.90 (386bc09e8f4f..., userDataDir: C:\\Users\\giann\\AppData\\Loca...}, goog:chromeOptions: {debuggerAddress: localhost:56232}, javascriptEnabled: true, networkConnectionEnabled: false, pageLoadStrategy: eager, platform: WINDOWS, platformName: WINDOWS, proxy: Proxy(), setWindowRect: true, strictFileInteractability: false, timeouts: {implicit: 0, pageLoad: 300000, script: 30000}, unhandledPromptBehavior: dismiss and notify, webauthn:extension:credBlob: true, webauthn:extension:largeBlob: true, webauthn:extension:minPinLength: true, webauthn:extension:prf: true, webauthn:virtualAuthenticators: true, webdriver.remote.sessionid: 68e0db728ab9e6977651ef71d88...}\nSession ID: 68e0db728ab9e6977651ef71d889bcce\r\n\tat sun.reflect.NativeConstructorAccessorImpl.newInstance0(Native Method)\r\n\tat sun.reflect.NativeConstructorAccessorImpl.newInstance(NativeConstructorAccessorImpl.java:62)\r\n\tat sun.reflect.DelegatingConstructorAccessorImpl.newInstance(DelegatingConstructorAccessorImpl.java:45)\r\n\tat java.lang.reflect.Constructor.newInstance(Constructor.java:423)\r\n\tat org.openqa.selenium.remote.http.W3CHttpResponseCodec.createException(W3CHttpResponseCodec.java:187)\r\n\tat org.openqa.selenium.remote.http.W3CHttpResponseCodec.decode(W3CHttpResponseCodec.java:122)\r\n\tat org.openqa.selenium.remote.http.W3CHttpResponseCodec.decode(W3CHttpResponseCodec.java:49)\r\n\tat org.openqa.selenium.remote.HttpCommandExecutor.execute(HttpCommandExecutor.java:158)\r\n\tat org.openqa.selenium.remote.RemoteWebDriver.execute(RemoteWebDriver.java:552)\r\n\tat org.openqa.selenium.remote.RemoteWebDriver.executeScript(RemoteWebDriver.java:489)\r\n\tat org.webrtc.kite.telemed.steps.OpenUrlStep.step(OpenUrlStep.java:58)\r\n\tat io.cosmosoftware.kite.steps.TestStep.execute(TestStep.java:81)\r\n\tat io.cosmosoftware.kite.steps.TestStep.processTestStep(TestStep.java:329)\r\n\tat org.webrtc.kite.tests.TestRunner.call(TestRunner.java:187)\r\n\tat java.util.concurrent.FutureTask.run(FutureTask.java:266)\r\n\tat java.util.concurrent.ThreadPoolExecutor.runWorker(ThreadPoolExecutor.java:1149)\r\n\tat java.util.concurrent.ThreadPoolExecutor$Worker.run(ThreadPoolExecutor.java:624)\r\n\tat java.lang.Thread.run(Thread.java:750)\r\n"
    },
    "uuid": "81b79c3c-d8a1-4803-a6d9-ee5392210641",
    "fullName": "org.webrtc.kite.telemed.KiteTelemedTest",
    "historyId": "36b97f61-9d28-4dc1-8676-a91b2f8b4d27",
    "links": [
    ],
    "labels": [
        {
            "name": "package",
            "value": "package org.webrtc.kite.telemed"
        },
        {
            "name": "testClass",
            "value": "class org.webrtc.kite.telemed.KiteTelemedTest"
        },
        {
            "name": "testMethod",
            "value": "execute"
        },
        {
            "name": "host",
            "value": "normalbook"
        },
        {
            "name": "suite",
            "value": "Telemed Test  (2023-07-31-174112)"
        },
        {
            "name": "parentSuite",
            "value": "Telemed  [2023-07-31-174112] (2023-07-31-174112)"
        }
    ]
}