
{
    "name": "WIN_ch-WIN_ch-WIN_ch (2023-07-26-180106) - 0",
    "start": 1690387268573,
    "stop": 1690387269712,
    "description": "WIN_ch-WIN_ch-WIN_ch (2023-07-26-180106)",
    "stage": "finished",
    "status": "FAILED",
    "parameters": [
    ],
    "steps": [
        {
            "name": "Filling out reports, handling payload, creating runners..",
            "start": 1690387266231,
            "stop": 1690387268568,
            "description": "Filling out reports, handling payload, creating runners..",
            "stage": "finished",
            "status": "PASSED",
            "parameters": [
            ],
            "steps": [
            ],
            "attachments": [
            ],
            "statusDetails": {
                "known": false,
                "muted": false,
                "flaky": false,
                "message": "The test has passed successfully!"
            }
        },
        {
            "name": "unknown(no Web Driver): Initiate webDriver for client",
            "start": 1690387266241,
            "stop": 1690387268552,
            "description": "Initiate webDriver for client",
            "stage": "finished",
            "status": "PASSED",
            "parameters": [
            ],
            "steps": [
            ],
            "attachments": [
            ],
            "statusDetails": {
                "known": false,
                "muted": false,
                "flaky": false,
                "message": "The test has passed successfully!"
            }
        },
        {
            "name": "unknown(no Web Driver): Initiate webDriver for client",
            "start": 1690387266241,
            "stop": 1690387268552,
            "description": "Initiate webDriver for client",
            "stage": "finished",
            "status": "PASSED",
            "parameters": [
            ],
            "steps": [
            ],
            "attachments": [
            ],
            "statusDetails": {
                "known": false,
                "muted": false,
                "flaky": false,
                "message": "The test has passed successfully!"
            }
        },
        {
            "name": "unknown(no Web Driver): Initiate webDriver for client",
            "start": 1690387266241,
            "stop": 1690387268552,
            "description": "Initiate webDriver for client",
            "stage": "finished",
            "status": "PASSED",
            "parameters": [
            ],
            "steps": [
            ],
            "attachments": [
            ],
            "statusDetails": {
                "known": false,
                "muted": false,
                "flaky": false,
                "message": "The test has passed successfully!"
            }
        },
        {
            "name": "ch115_WIN-bac7f - 2: Open https://google.com",
            "start": 1690387268573,
            "stop": 1690387269280,
            "description": "Open https://google.com",
            "stage": "finished",
            "status": "PASSED",
            "parameters": [
            ],
            "steps": [
            ],
            "attachments": [
            ],
            "statusDetails": {
                "known": false,
                "muted": false,
                "flaky": false,
                "message": "The test has passed successfully!"
            }
        },
        {
            "name": "ch115_WIN-05261 - 1: Open https://google.com",
            "start": 1690387268573,
            "stop": 1690387269335,
            "description": "Open https://google.com",
            "stage": "finished",
            "status": "PASSED",
            "parameters": [
            ],
            "steps": [
            ],
            "attachments": [
            ],
            "statusDetails": {
                "known": false,
                "muted": false,
                "flaky": false,
                "message": "The test has passed successfully!"
            }
        },
        {
            "name": "ch115_WIN-73ed3 - 0: Open https://google.com",
            "start": 1690387268573,
            "stop": 1690387269357,
            "description": "Open https://google.com",
            "stage": "finished",
            "status": "PASSED",
            "parameters": [
            ],
            "steps": [
            ],
            "attachments": [
            ],
            "statusDetails": {
                "known": false,
                "muted": false,
                "flaky": false,
                "message": "The test has passed successfully!"
            }
        },
        {
            "name": "ch115_WIN-05261 - 1: MyFirstCheck compares two random values and pass if 31 < 5",
            "start": 1690387269335,
            "stop": 1690387269676,
            "description": "MyFirstCheck compares two random values and pass if 31 < 5",
            "stage": "finished",
            "status": "FAILED",
            "parameters": [
            ],
            "steps": [
            ],
            "attachments": [
                {
                    "name": "error_screenshot_MyFirstCheck",
                    "type": "image/png",
                    "source": "5817207f-8f55-4a6c-a8df-064912384918-attachment.png"
                },
                {
                    "name": "error.log",
                    "type": "text/json",
                    "source": "21145e6e-7233-4738-94b6-563aabb94713-attachment.json"
                }
            ],
            "statusDetails": {
                "known": true,
                "muted": false,
                "flaky": false,
                "message": "MyFirstCheck failed, 31 >= 5\r\n",
                "trace": "io.cosmosoftware.kite.exception.KiteTestException: MyFirstCheck failed, 31 >= 5\r\n\r\n\tat org.webrtc.kite.telemed.checks.MyFirstCheck.step(MyFirstCheck.java:29)\r\n\tat io.cosmosoftware.kite.steps.TestStep.execute(TestStep.java:81)\r\n\tat io.cosmosoftware.kite.steps.TestStep.processTestStep(TestStep.java:329)\r\n\tat org.webrtc.kite.tests.TestRunner.call(TestRunner.java:187)\r\n\tat java.util.concurrent.FutureTask.run(FutureTask.java:266)\r\n\tat java.util.concurrent.ThreadPoolExecutor.runWorker(ThreadPoolExecutor.java:1149)\r\n\tat java.util.concurrent.ThreadPoolExecutor$Worker.run(ThreadPoolExecutor.java:624)\r\n\tat java.lang.Thread.run(Thread.java:750)\r\n"
            }
        },
        {
            "name": "ch115_WIN-bac7f - 2: MyFirstCheck compares two random values and pass if 43 < 97",
            "start": 1690387269280,
            "stop": 1690387269694,
            "description": "MyFirstCheck compares two random values and pass if 43 < 97",
            "stage": "finished",
            "status": "PASSED",
            "parameters": [
            ],
            "steps": [
            ],
            "attachments": [
                {
                    "name": "Page-screenshot(2023-07-26-180109)",
                    "type": "image/png",
                    "source": "bed0b9ba-9c58-4409-862c-9ace814f38c7-attachment.png"
                }
            ],
            "statusDetails": {
                "known": false,
                "muted": false,
                "flaky": false,
                "message": "The test has passed successfully!"
            }
        },
        {
            "name": "ch115_WIN-73ed3 - 0: MyFirstCheck compares two random values and pass if 100 < 32",
            "start": 1690387269358,
            "stop": 1690387269712,
            "description": "MyFirstCheck compares two random values and pass if 100 < 32",
            "stage": "finished",
            "status": "FAILED",
            "parameters": [
            ],
            "steps": [
            ],
            "attachments": [
                {
                    "name": "error_screenshot_MyFirstCheck",
                    "type": "image/png",
                    "source": "3638c53d-7bca-47f8-ad73-a69197b3eaa8-attachment.png"
                },
                {
                    "name": "error.log",
                    "type": "text/json",
                    "source": "c20e2bce-6bd1-4e33-aa4e-7406bee5f16a-attachment.json"
                }
            ],
            "statusDetails": {
                "known": true,
                "muted": false,
                "flaky": false,
                "message": "MyFirstCheck failed, 100 >= 32\r\n",
                "trace": "io.cosmosoftware.kite.exception.KiteTestException: MyFirstCheck failed, 100 >= 32\r\n\r\n\tat org.webrtc.kite.telemed.checks.MyFirstCheck.step(MyFirstCheck.java:29)\r\n\tat io.cosmosoftware.kite.steps.TestStep.execute(TestStep.java:81)\r\n\tat io.cosmosoftware.kite.steps.TestStep.processTestStep(TestStep.java:329)\r\n\tat org.webrtc.kite.tests.TestRunner.call(TestRunner.java:187)\r\n\tat java.util.concurrent.FutureTask.run(FutureTask.java:266)\r\n\tat java.util.concurrent.ThreadPoolExecutor.runWorker(ThreadPoolExecutor.java:1149)\r\n\tat java.util.concurrent.ThreadPoolExecutor$Worker.run(ThreadPoolExecutor.java:624)\r\n\tat java.lang.Thread.run(Thread.java:750)\r\n"
            }
        },
        {
            "name": "Cleaning up and finishing the test",
            "start": 1690387269713,
            "stop": 1690387271001,
            "description": "Cleaning up and finishing the test",
            "stage": "finished",
            "status": "PASSED",
            "parameters": [
            ],
            "steps": [
            ],
            "attachments": [
            ],
            "statusDetails": {
                "known": false,
                "muted": false,
                "flaky": false,
                "message": "The test has passed successfully!"
            }
        }
    ],
    "attachments": [
    ],
    "statusDetails": {
        "known": true,
        "muted": false,
        "flaky": false,
        "message": "MyFirstCheck failed, 31 >= 5\r\n",
        "trace": "io.cosmosoftware.kite.exception.KiteTestException: MyFirstCheck failed, 31 >= 5\r\n\r\n\tat org.webrtc.kite.telemed.checks.MyFirstCheck.step(MyFirstCheck.java:29)\r\n\tat io.cosmosoftware.kite.steps.TestStep.execute(TestStep.java:81)\r\n\tat io.cosmosoftware.kite.steps.TestStep.processTestStep(TestStep.java:329)\r\n\tat org.webrtc.kite.tests.TestRunner.call(TestRunner.java:187)\r\n\tat java.util.concurrent.FutureTask.run(FutureTask.java:266)\r\n\tat java.util.concurrent.ThreadPoolExecutor.runWorker(ThreadPoolExecutor.java:1149)\r\n\tat java.util.concurrent.ThreadPoolExecutor$Worker.run(ThreadPoolExecutor.java:624)\r\n\tat java.lang.Thread.run(Thread.java:750)\r\n"
    },
    "uuid": "92275e86-134f-4da3-bd1d-efd99e2a20a3",
    "fullName": "org.webrtc.kite.telemed.KiteTelemedTest",
    "historyId": "cfdda02a-e3cf-4b48-b371-d0118ad833ab",
    "links": [
    ],
    "labels": [
        {
            "name": "package",
            "value": "package org.webrtc.kite.telemed"
        },
        {
            "name": "testClass",
            "value": "class org.webrtc.kite.telemed.KiteTelemedTest"
        },
        {
            "name": "testMethod",
            "value": "execute"
        },
        {
            "name": "host",
            "value": "normalbook"
        },
        {
            "name": "suite",
            "value": "Telemed Test  (2023-07-26-180106)"
        },
        {
            "name": "parentSuite",
            "value": "Telemed  [2023-07-26-180106] (2023-07-26-180106)"
        }
    ]
}