
{
    "name": "WIN_ch-WIN_ch-WIN_ch (2023-07-26-180202) - 0",
    "start": 1690387324225,
    "stop": 1690387325334,
    "description": "WIN_ch-WIN_ch-WIN_ch (2023-07-26-180202)",
    "stage": "finished",
    "status": "FAILED",
    "parameters": [
    ],
    "steps": [
        {
            "name": "Filling out reports, handling payload, creating runners..",
            "start": 1690387322133,
            "stop": 1690387324222,
            "description": "Filling out reports, handling payload, creating runners..",
            "stage": "finished",
            "status": "PASSED",
            "parameters": [
            ],
            "steps": [
            ],
            "attachments": [
            ],
            "statusDetails": {
                "known": false,
                "muted": false,
                "flaky": false,
                "message": "The test has passed successfully!"
            }
        },
        {
            "name": "unknown(no Web Driver): Initiate webDriver for client",
            "start": 1690387322139,
            "stop": 1690387324203,
            "description": "Initiate webDriver for client",
            "stage": "finished",
            "status": "PASSED",
            "parameters": [
            ],
            "steps": [
            ],
            "attachments": [
            ],
            "statusDetails": {
                "known": false,
                "muted": false,
                "flaky": false,
                "message": "The test has passed successfully!"
            }
        },
        {
            "name": "unknown(no Web Driver): Initiate webDriver for client",
            "start": 1690387322139,
            "stop": 1690387324203,
            "description": "Initiate webDriver for client",
            "stage": "finished",
            "status": "PASSED",
            "parameters": [
            ],
            "steps": [
            ],
            "attachments": [
            ],
            "statusDetails": {
                "known": false,
                "muted": false,
                "flaky": false,
                "message": "The test has passed successfully!"
            }
        },
        {
            "name": "unknown(no Web Driver): Initiate webDriver for client",
            "start": 1690387322139,
            "stop": 1690387324203,
            "description": "Initiate webDriver for client",
            "stage": "finished",
            "status": "PASSED",
            "parameters": [
            ],
            "steps": [
            ],
            "attachments": [
            ],
            "statusDetails": {
                "known": false,
                "muted": false,
                "flaky": false,
                "message": "The test has passed successfully!"
            }
        },
        {
            "name": "ch115_WIN-6ec84 - 1: Open https://google.com",
            "start": 1690387324225,
            "stop": 1690387324847,
            "description": "Open https://google.com",
            "stage": "finished",
            "status": "PASSED",
            "parameters": [
            ],
            "steps": [
            ],
            "attachments": [
            ],
            "statusDetails": {
                "known": false,
                "muted": false,
                "flaky": false,
                "message": "The test has passed successfully!"
            }
        },
        {
            "name": "ch115_WIN-8d5dc - 0: Open https://google.com",
            "start": 1690387324225,
            "stop": 1690387324919,
            "description": "Open https://google.com",
            "stage": "finished",
            "status": "PASSED",
            "parameters": [
            ],
            "steps": [
            ],
            "attachments": [
            ],
            "statusDetails": {
                "known": false,
                "muted": false,
                "flaky": false,
                "message": "The test has passed successfully!"
            }
        },
        {
            "name": "ch115_WIN-07d6f - 2: Open https://google.com",
            "start": 1690387324225,
            "stop": 1690387324928,
            "description": "Open https://google.com",
            "stage": "finished",
            "status": "PASSED",
            "parameters": [
            ],
            "steps": [
            ],
            "attachments": [
            ],
            "statusDetails": {
                "known": false,
                "muted": false,
                "flaky": false,
                "message": "The test has passed successfully!"
            }
        },
        {
            "name": "ch115_WIN-6ec84 - 1: MyFirstCheck compares two random values and pass if 50 < 8",
            "start": 1690387324847,
            "stop": 1690387325236,
            "description": "MyFirstCheck compares two random values and pass if 50 < 8",
            "stage": "finished",
            "status": "FAILED",
            "parameters": [
            ],
            "steps": [
            ],
            "attachments": [
                {
                    "name": "error_screenshot_MyFirstCheck",
                    "type": "image/png",
                    "source": "aef6fd8e-5404-4c0a-8987-f3a9f1b8d5e8-attachment.png"
                },
                {
                    "name": "error.log",
                    "type": "text/json",
                    "source": "79d1e633-3fa8-4146-bc11-8ed2b62125b1-attachment.json"
                }
            ],
            "statusDetails": {
                "known": true,
                "muted": false,
                "flaky": false,
                "message": "MyFirstCheck failed, 50 >= 8\r\n",
                "trace": "io.cosmosoftware.kite.exception.KiteTestException: MyFirstCheck failed, 50 >= 8\r\n\r\n\tat org.webrtc.kite.telemed.checks.MyFirstCheck.step(MyFirstCheck.java:29)\r\n\tat io.cosmosoftware.kite.steps.TestStep.execute(TestStep.java:81)\r\n\tat io.cosmosoftware.kite.steps.TestStep.processTestStep(TestStep.java:329)\r\n\tat org.webrtc.kite.tests.TestRunner.call(TestRunner.java:187)\r\n\tat java.util.concurrent.FutureTask.run(FutureTask.java:266)\r\n\tat java.util.concurrent.ThreadPoolExecutor.runWorker(ThreadPoolExecutor.java:1149)\r\n\tat java.util.concurrent.ThreadPoolExecutor$Worker.run(ThreadPoolExecutor.java:624)\r\n\tat java.lang.Thread.run(Thread.java:750)\r\n"
            }
        },
        {
            "name": "ch115_WIN-07d6f - 2: MyFirstCheck compares two random values and pass if 85 < 28",
            "start": 1690387324930,
            "stop": 1690387325268,
            "description": "MyFirstCheck compares two random values and pass if 85 < 28",
            "stage": "finished",
            "status": "FAILED",
            "parameters": [
            ],
            "steps": [
            ],
            "attachments": [
                {
                    "name": "error_screenshot_MyFirstCheck",
                    "type": "image/png",
                    "source": "913e7e98-3f79-43a3-a221-e94246482ec2-attachment.png"
                },
                {
                    "name": "error.log",
                    "type": "text/json",
                    "source": "25ea54ea-f604-4932-80ca-d3ee2362fde6-attachment.json"
                }
            ],
            "statusDetails": {
                "known": true,
                "muted": false,
                "flaky": false,
                "message": "MyFirstCheck failed, 85 >= 28\r\n",
                "trace": "io.cosmosoftware.kite.exception.KiteTestException: MyFirstCheck failed, 85 >= 28\r\n\r\n\tat org.webrtc.kite.telemed.checks.MyFirstCheck.step(MyFirstCheck.java:29)\r\n\tat io.cosmosoftware.kite.steps.TestStep.execute(TestStep.java:81)\r\n\tat io.cosmosoftware.kite.steps.TestStep.processTestStep(TestStep.java:329)\r\n\tat org.webrtc.kite.tests.TestRunner.call(TestRunner.java:187)\r\n\tat java.util.concurrent.FutureTask.run(FutureTask.java:266)\r\n\tat java.util.concurrent.ThreadPoolExecutor.runWorker(ThreadPoolExecutor.java:1149)\r\n\tat java.util.concurrent.ThreadPoolExecutor$Worker.run(ThreadPoolExecutor.java:624)\r\n\tat java.lang.Thread.run(Thread.java:750)\r\n"
            }
        },
        {
            "name": "ch115_WIN-8d5dc - 0: MyFirstCheck compares two random values and pass if 31 < 97",
            "start": 1690387324919,
            "stop": 1690387325334,
            "description": "MyFirstCheck compares two random values and pass if 31 < 97",
            "stage": "finished",
            "status": "PASSED",
            "parameters": [
            ],
            "steps": [
            ],
            "attachments": [
                {
                    "name": "Page-screenshot(2023-07-26-180205)",
                    "type": "image/png",
                    "source": "cbbed80d-ba98-4643-845f-dec1c55fe37a-attachment.png"
                }
            ],
            "statusDetails": {
                "known": false,
                "muted": false,
                "flaky": false,
                "message": "The test has passed successfully!"
            }
        },
        {
            "name": "Cleaning up and finishing the test",
            "start": 1690387325334,
            "stop": 1690387326620,
            "description": "Cleaning up and finishing the test",
            "stage": "finished",
            "status": "PASSED",
            "parameters": [
            ],
            "steps": [
            ],
            "attachments": [
            ],
            "statusDetails": {
                "known": false,
                "muted": false,
                "flaky": false,
                "message": "The test has passed successfully!"
            }
        }
    ],
    "attachments": [
    ],
    "statusDetails": {
        "known": true,
        "muted": false,
        "flaky": false,
        "message": "MyFirstCheck failed, 50 >= 8\r\n",
        "trace": "io.cosmosoftware.kite.exception.KiteTestException: MyFirstCheck failed, 50 >= 8\r\n\r\n\tat org.webrtc.kite.telemed.checks.MyFirstCheck.step(MyFirstCheck.java:29)\r\n\tat io.cosmosoftware.kite.steps.TestStep.execute(TestStep.java:81)\r\n\tat io.cosmosoftware.kite.steps.TestStep.processTestStep(TestStep.java:329)\r\n\tat org.webrtc.kite.tests.TestRunner.call(TestRunner.java:187)\r\n\tat java.util.concurrent.FutureTask.run(FutureTask.java:266)\r\n\tat java.util.concurrent.ThreadPoolExecutor.runWorker(ThreadPoolExecutor.java:1149)\r\n\tat java.util.concurrent.ThreadPoolExecutor$Worker.run(ThreadPoolExecutor.java:624)\r\n\tat java.lang.Thread.run(Thread.java:750)\r\n"
    },
    "uuid": "aa0ef707-ebe9-4796-99e5-e39f05710d85",
    "fullName": "org.webrtc.kite.telemed.KiteTelemedTest",
    "historyId": "2926dda6-59ae-4071-a3be-e9c4ee9f8cf7",
    "links": [
    ],
    "labels": [
        {
            "name": "package",
            "value": "package org.webrtc.kite.telemed"
        },
        {
            "name": "testClass",
            "value": "class org.webrtc.kite.telemed.KiteTelemedTest"
        },
        {
            "name": "testMethod",
            "value": "execute"
        },
        {
            "name": "host",
            "value": "normalbook"
        },
        {
            "name": "suite",
            "value": "Telemed Test  (2023-07-26-180202)"
        },
        {
            "name": "parentSuite",
            "value": "Telemed  [2023-07-26-180201] (2023-07-26-180201)"
        }
    ]
}